PRT1
228
489
4 0 6 (1048 68.795799 32 ) (1067.310059 68.795799 32 ) (1067.310059 68.795799 128 ) (1048 68.795799 128 ) 
4 0 4 (1067.310059 68.795799 128 ) (1067.310059 68.795799 160 ) (1048 68.795799 160 ) (1048 68.795799 128 ) 
4 0 1 (1048 344 160 ) (1048 344 135.774017 ) (1048 343.752045 135.774017 ) (1048 343.752045 160 ) 
4 0 2 (1048 344 64.774200 ) (1048 344 32 ) (1048 343.752045 32 ) (1048 343.752045 64.774200 ) 
4 0 3 (1048 343.752045 32 ) (1048 68.795799 32 ) (1048 68.795799 160 ) (1048 343.752045 160 ) 
4 1 9 (1024 343.752045 160 ) (1024 344 160 ) (1024 344 135.774017 ) (1024 343.752045 135.774017 ) 
4 1 3 (1048 343.752045 135.774017 ) (1048 343.752045 160 ) (1024 343.752045 160 ) (1024 343.752045 135.774017 ) 
4 2 10 (1024 344 64.774200 ) (1024 344 32 ) (1024 343.752045 32 ) (1024 343.752045 64.774200 ) 
4 2 3 (1024 343.752045 32 ) (1048 343.752045 32 ) (1048 343.752045 64.774200 ) (1024 343.752045 64.774200 ) 
4 3 14 (1024 68.795799 160 ) (1024 69.458206 160 ) (1024 69.458206 32 ) (1024 68.795799 32 ) 
4 3 11 (1024 69.458206 160 ) (1024 343.752045 160 ) (1024 343.752045 32 ) (1024 69.458206 32 ) 
4 3 6 (1027.229980 68.795799 32 ) (1048 68.795799 32 ) (1048 68.795799 128 ) (1027.229980 68.795799 128 ) 
4 3 7 (1024 68.795799 32 ) (1027.229980 68.795799 32 ) (1027.229980 68.795799 128 ) (1024 68.795799 128 ) 
4 3 4 (1048 68.795799 128 ) (1048 68.795799 160 ) (1027.229980 68.795799 160 ) (1027.229980 68.795799 128 ) 
4 4 6 (1027.229980 68.594200 128 ) (1027.229980 68.795799 128 ) (1067.310059 68.795799 128 ) (1067.310059 68.594200 128 ) 
4 5 16 (1024 57.163200 160 ) (1024 57.364700 160 ) (1024 57.364700 128 ) (1024 57.163200 128 ) 
4 5 7 (1027.229980 57.163200 128 ) (1024 57.163200 128 ) (1024 57.364700 128 ) (1027.229980 57.364700 128 ) 
4 5 8 (1027.229980 57.163200 160 ) (1024 57.163200 160 ) (1024 57.163200 128 ) (1027.229980 57.163200 128 ) 
4 6 7 (1027.229980 68.594200 128 ) (1027.229980 68.795799 128 ) (1027.229980 68.795799 32 ) (1027.229980 68.594200 32 ) 
4 7 15 (1024 68.795799 128 ) (1024 68.795799 32 ) (1024 57.364700 32 ) (1024 57.364700 128 ) 
4 7 16 (1024 57.364700 32 ) (1024 57.163200 32 ) (1024 57.163200 128 ) (1024 57.364700 128 ) 
4 7 8 (1024 57.163200 32 ) (1027.229980 57.163200 32 ) (1027.229980 57.163200 128 ) (1024 57.163200 128 ) 
4 8 62 (1067.310059 0 160 ) (1024 0 160 ) (1024 0 32 ) (1067.310059 0 32 ) 
4 8 16 (1024 0 32 ) (1024 0 160 ) (1024 57.163200 160 ) (1024 57.163200 32 ) 
4 9 12 (776 344 160 ) (776 344 135.774017 ) (776 343.752045 135.774017 ) (776 343.752045 160 ) 
4 9 11 (776 343.752045 160 ) (776 343.752045 135.774017 ) (1024 343.752045 135.774017 ) (1024 343.752045 160 ) 
4 10 11 (776 343.752045 64.774200 ) (776 343.752045 32 ) (1024 343.752045 32 ) (1024 343.752045 64.774200 ) 
4 10 12 (776 344 64.774200 ) (776 344 32 ) (776 343.752045 32 ) (776 343.752045 64.774200 ) 
4 11 23 (776 69.458206 32 ) (955.330017 69.458206 32 ) (955.330017 69.458206 72.557800 ) (776 69.458206 72.557800 ) 
4 11 21 (955.330017 69.458206 72.557800 ) (955.330017 69.458206 144 ) (776 69.458206 144 ) (776 69.458206 72.557800 ) 
4 11 19 (955.330017 69.458206 144 ) (955.330017 69.458206 160 ) (776 69.458206 160 ) (776 69.458206 144 ) 
4 11 17 (955.330017 69.458206 32 ) (971.330017 69.458206 32 ) (971.330017 69.458206 160 ) (955.330017 69.458206 160 ) 
4 11 14 (971.330017 69.458206 32 ) (1024 69.458206 32 ) (1024 69.458206 160 ) (971.330017 69.458206 160 ) 
4 11 12 (776 343.752045 32 ) (776 69.458206 32 ) (776 69.458206 160 ) (776 343.752045 160 ) 
4 12 23 (763.768005 69.458206 32 ) (776 69.458206 32 ) (776 69.458206 72.557800 ) (763.768005 69.458206 72.557800 ) 
4 12 21 (776 69.458206 72.557800 ) (776 69.458206 144 ) (763.768005 69.458206 144 ) (763.768005 69.458206 72.557800 ) 
4 12 19 (776 69.458206 144 ) (776 69.458206 160 ) (763.768005 69.458206 160 ) (763.768005 69.458206 144 ) 
4 13 32 (731.903015 101 32 ) (731.903015 69.458206 32 ) (731.903015 69.458206 160 ) (731.903015 101 160 ) 
4 13 26 (731.903015 344 160 ) (731.903015 344 32 ) (731.903015 101 32 ) (731.903015 101 160 ) 
4 14 17 (971.330017 69.458206 160 ) (971.330017 69.458206 32 ) (971.330017 69.132500 32 ) (971.330017 69.132500 160 ) 
4 14 15 (971.330017 68.795799 128 ) (971.330017 68.795799 32 ) (1024 68.795799 32 ) (1024 68.795799 128 ) 
4 15 18 (971.330017 57.701500 32 ) (971.330017 57.364700 32 ) (971.330017 57.364700 128 ) (971.330017 57.701500 128 ) 
4 15 16 (971.330017 57.364700 128 ) (971.330017 57.364700 32 ) (1024 57.364700 32 ) (1024 57.364700 128 ) 
4 16 70 (1024 0 32 ) (1024 0 160 ) (971.330017 0 160 ) (971.330017 0 32 ) 
4 16 18 (971.330017 57.364700 32 ) (971.330017 0 32 ) (971.330017 0 160 ) (971.330017 57.364700 160 ) 
4 17 23 (955.330017 69.458206 72.557800 ) (955.330017 69.458206 32 ) (955.330017 69.132500 32 ) (955.330017 69.132500 72.557800 ) 
4 17 21 (955.330017 69.458206 144 ) (955.330017 69.458206 72.557800 ) (955.330017 69.132500 72.557800 ) (955.330017 69.132500 144 ) 
4 17 19 (955.330017 69.458206 160 ) (955.330017 69.458206 144 ) (955.330017 69.132500 144 ) (955.330017 69.132500 160 ) 
4 18 70 (971.330017 0 160 ) (955.330017 0 160 ) (955.330017 0 32 ) (971.330017 0 32 ) 
4 18 25 (955.330017 57.701500 32 ) (955.330017 0 32 ) (955.330017 0 160 ) (955.330017 57.701500 160 ) 
4 19 21 (763.768005 69.458206 144 ) (955.330017 69.458206 144 ) (955.330017 69.132500 144 ) (763.768005 69.132500 144 ) 
4 20 34 (731.903015 57.701500 144 ) (731.903015 57.701500 160 ) (731.903015 58.027203 160 ) (731.903015 58.027203 144 ) 
4 20 22 (763.330017 57.701500 144 ) (731.903015 57.701500 144 ) (731.903015 58.027203 144 ) (763.330017 58.027203 144 ) 
4 20 25 (731.903015 57.701500 160 ) (731.903015 57.701500 144 ) (763.330017 57.701500 144 ) (763.330017 57.701500 160 ) 
4 21 23 (763.768005 69.132500 72.557800 ) (763.768005 69.458206 72.557800 ) (955.330017 69.458206 72.557800 ) (955.330017 69.132500 72.557800 ) 
4 21 22 (763.768005 58.027203 72.557800 ) (763.768005 57.701500 72.557800 ) (763.768005 57.701500 144 ) (763.768005 58.027203 144 ) 
4 21 25 (763.768005 57.701500 72.557800 ) (955.330017 57.701500 72.557800 ) (955.330017 57.701500 144 ) (763.768005 57.701500 144 ) 
4 22 34 (731.903015 57.701500 72.557800 ) (731.903015 57.701500 144 ) (731.903015 58.027203 144 ) (731.903015 58.027203 72.557800 ) 
4 22 24 (763.330017 57.701500 72.557800 ) (731.903015 57.701500 72.557800 ) (731.903015 58.027203 72.557800 ) (763.330017 58.027203 72.557800 ) 
4 22 25 (731.903015 57.701500 144 ) (731.903015 57.701500 72.557800 ) (763.768005 57.701500 72.557800 ) (763.768005 57.701500 144 ) 
4 24 34 (731.903015 58.027203 32 ) (731.903015 57.701500 32 ) (731.903015 57.701500 72.557800 ) (731.903015 58.027203 72.557800 ) 
4 24 25 (731.903015 57.701500 72.557800 ) (731.903015 57.701500 32 ) (763.330017 57.701500 32 ) (763.330017 57.701500 72.557800 ) 
4 25 70 (955.330017 0 160 ) (731.903015 0 160 ) (731.903015 0 32 ) (955.330017 0 32 ) 
4 25 34 (731.903015 57.701500 32 ) (731.903015 0 32 ) (731.903015 0 160 ) (731.903015 57.701500 160 ) 
4 26 32 (727.257019 101 32 ) (731.903015 101 32 ) (731.903015 101 160 ) (727.257019 101 160 ) 
4 26 27 (727.257019 344 160 ) (727.257019 344 142.858994 ) (727.257019 342.460022 142.858994 ) (727.257019 342.460022 160 ) 
4 26 28 (727.257019 344 71.859299 ) (727.257019 344 32 ) (727.257019 342.460022 32 ) (727.257019 342.460022 71.859299 ) 
4 26 29 (727.257019 342.460022 32 ) (727.257019 101 32 ) (727.257019 101 160 ) (727.257019 342.460022 160 ) 
4 27 30 (432 344 160 ) (432 344 142.858994 ) (432 342.460022 142.858994 ) (432 342.460022 160 ) 
4 27 29 (432 342.460022 160 ) (432 342.460022 142.858994 ) (727.257019 342.460022 142.858994 ) (727.257019 342.460022 160 ) 
4 28 29 (432 342.460022 71.859299 ) (432 342.460022 32 ) (727.257019 342.460022 32 ) (727.257019 342.460022 71.859299 ) 
4 28 30 (432 344 71.859299 ) (432 344 32 ) (432 342.460022 32 ) (432 342.460022 71.859299 ) 
4 29 38 (432 101 32 ) (527.596069 101 32 ) (527.596069 101 160 ) (432 101 160 ) 
4 29 35 (527.596069 101 32 ) (559.462036 101 32 ) (559.462036 101 160 ) (527.596069 101 160 ) 
4 29 32 (559.462036 101 32 ) (727.257019 101 32 ) (727.257019 101 160 ) (559.462036 101 160 ) 
4 29 30 (432 342.460022 32 ) (432 101 32 ) (432 101 160 ) (432 342.460022 160 ) 
4 30 38 (409 101 32 ) (432 101 32 ) (432 101 160 ) (409 101 160 ) 
4 30 31 (409 157 32 ) (409 101 32 ) (409 101 128 ) (409 157 128 ) 
4 31 42 (397.569031 157 32 ) (397.569031 101 32 ) (397.569031 101 128 ) (397.569031 157 128 ) 
4 32 35 (559.462036 101 160 ) (559.462036 101 32 ) (559.462036 69.704605 32 ) (559.462036 69.704605 160 ) 
4 32 33 (559.462036 69.458206 144 ) (559.462036 69.458206 72.557800 ) (731.903015 69.458206 72.557800 ) (731.903015 69.458206 144 ) 
4 33 36 (559.462036 58.027203 72.557800 ) (559.462036 58.027203 144 ) (559.462036 58.273602 144 ) (559.462036 58.273602 72.557800 ) 
4 33 34 (559.462036 58.027203 144 ) (559.462036 58.027203 72.557800 ) (731.903015 58.027203 72.557800 ) (731.903015 58.027203 144 ) 
4 34 70 (731.903015 0 160 ) (559.462036 0 160 ) (559.462036 0 32 ) (731.903015 0 32 ) 
4 34 36 (559.462036 58.027203 32 ) (559.462036 0 32 ) (559.462036 0 160 ) (559.462036 58.027203 160 ) 
4 35 37 (527.596069 101 160 ) (527.596069 101 32 ) (527.596069 69.704605 32 ) (527.596069 69.704605 160 ) 
4 36 70 (559.462036 0 160 ) (527.596069 0 160 ) (527.596069 0 32 ) (559.462036 0 32 ) 
4 36 37 (527.596069 58.273602 32 ) (527.596069 57.441399 32 ) (527.596069 57.441399 160 ) (527.596069 58.273602 160 ) 
4 36 41 (527.596069 57.441399 32 ) (527.596069 0 32 ) (527.596069 0 160 ) (527.596069 57.441399 160 ) 
4 37 40 (527.462036 69.704605 32 ) (527.462036 57.441399 32 ) (527.462036 57.441399 128 ) (527.462036 69.704605 128 ) 
4 37 39 (527.462036 57.441399 128 ) (527.462036 57.441399 160 ) (527.462036 58.273602 160 ) (527.462036 58.273602 128 ) 
4 37 38 (527.462036 101 160 ) (527.462036 101 32 ) (527.462036 69.704605 32 ) (527.462036 69.704605 160 ) 
4 38 40 (472.260986 69.704605 32 ) (527.462036 69.704605 32 ) (527.462036 69.704605 128 ) (472.260986 69.704605 128 ) 
4 39 40 (527.462036 58.273602 128 ) (527.462036 57.441399 128 ) (472.260986 57.441399 128 ) (472.260986 58.273602 128 ) 
4 39 41 (527.596069 57.441399 128 ) (527.596069 57.441399 160 ) (472.260986 57.441399 160 ) (472.260986 57.441399 128 ) 
4 40 41 (472.260986 57.441399 32 ) (527.596069 57.441399 32 ) (527.596069 57.441399 128 ) (472.260986 57.441399 128 ) 
4 41 71 (424 0 160 ) (397.569031 0 160 ) (397.569031 0 32 ) (424 0 32 ) 
4 41 70 (527.596069 0 160 ) (424 0 160 ) (424 0 32 ) (527.596069 0 32 ) 
4 41 53 (397.569031 57.441399 32 ) (397.569031 0 32 ) (397.569031 0 160 ) (397.569031 57.441399 160 ) 
4 42 49 (65 344 128 ) (65 344 32 ) (65 69.649399 32 ) (65 69.649399 128 ) 
4 42 47 (65 344 160 ) (65 344 128 ) (65 69.649399 128 ) (65 69.649399 160 ) 
4 42 43 (65 69.649399 160 ) (65 69.649399 32 ) (130 69.649399 32 ) (130 69.649399 160 ) 
4 43 49 (65 69.649399 32 ) (65 69.179703 32 ) (65 69.179703 128 ) (65 69.649399 128 ) 
4 43 47 (65 69.179703 128 ) (65 69.179703 160 ) (65 69.649399 160 ) (65 69.649399 128 ) 
4 43 44 (73.625999 69.179703 32 ) (130 69.179703 32 ) (130 69.179703 128 ) (73.625999 69.179703 128 ) 
4 44 45 (73.625999 58.409203 32 ) (73.625999 57.748699 32 ) (73.625999 57.748699 128 ) (73.625999 58.409203 128 ) 
4 44 46 (73.625999 57.748699 32 ) (130 57.748699 32 ) (130 57.748699 128 ) (73.625999 57.748699 128 ) 
4 45 52 (65 58.409203 32 ) (65 57.748699 32 ) (65 57.748699 128 ) (65 58.409203 128 ) 
4 45 46 (65 57.748699 128 ) (65 57.748699 32 ) (73.625999 57.748699 32 ) (73.625999 57.748699 128 ) 
4 46 59 (113.271011 57.441399 32 ) (116.657005 57.441399 32 ) (116.657005 57.441399 160 ) (113.271011 57.441399 160 ) 
4 46 61 (65 57.441399 32 ) (113.271011 57.441399 32 ) (113.271011 57.441399 160 ) (65 57.441399 160 ) 
4 46 55 (130 57.441399 79.872498 ) (130 57.441399 121.872002 ) (116.657005 57.441399 121.872002 ) (116.657005 57.441399 79.872498 ) 
4 46 54 (130 57.441399 121.872002 ) (130 57.441399 160 ) (116.657005 57.441399 160 ) (116.657005 57.441399 121.872002 ) 
4 46 58 (116.657005 57.441399 32 ) (130 57.441399 32 ) (130 57.441399 79.872498 ) (116.657005 57.441399 79.872498 ) 
4 46 52 (65 57.748699 32 ) (65 57.441399 32 ) (65 57.441399 160 ) (65 57.748699 160 ) 
4 47 49 (65 69.121597 128 ) (39 69.121597 128 ) (39 344 128 ) (65 344 128 ) 
4 48 158 (0 69.121597 160 ) (0 80 160 ) (0 80 128 ) (0 69.121597 128 ) 
4 48 152 (0 80 160 ) (0 344 160 ) (0 344 128 ) (0 80 128 ) 
4 48 51 (27.565434 69.121597 128 ) (0 69.121597 128 ) (0 344 128 ) (27.565434 344 128 ) 
4 49 50 (35.899101 272 128 ) (35.899101 344 128 ) (35.899101 344 32 ) (35.899101 272 32 ) 
4 50 51 (34.325802 272 128 ) (34.325802 344 128 ) (34.325802 344 32 ) (34.325802 272 32 ) 
4 51 158 (0 80 32 ) (0 69.121597 32 ) (0 69.121597 128 ) (0 80 128 ) 
4 51 152 (0 344 128 ) (0 344 32 ) (0 80 32 ) (0 80 128 ) 
4 52 159 (0 57.441399 160 ) (0 58.409203 160 ) (0 58.409203 32 ) (0 57.441399 32 ) 
4 52 61 (0 57.441399 32 ) (65 57.441399 32 ) (65 57.441399 160 ) (0 57.441399 160 ) 
4 53 71 (397.569031 0 160 ) (207.723007 0 160 ) (207.723007 0 32 ) (397.569031 0 32 ) 
4 54 88 (136.804993 0 160 ) (116.657005 0 160 ) (116.657005 0 121.872002 ) (136.804993 0 121.872002 ) 
4 54 72 (202.584015 0 160 ) (136.804993 0 160 ) (136.804993 0 121.872002 ) (202.584015 0 121.872002 ) 
4 54 60 (116.657005 1 121.872002 ) (116.657005 0 121.872002 ) (116.657005 0 160 ) (116.657005 1 160 ) 
4 54 59 (116.657005 57.441399 160 ) (116.657005 57.441399 121.872002 ) (116.657005 1 121.872002 ) (116.657005 1 160 ) 
4 54 57 (198.950989 8.912710 121.872002 ) (202.584015 8.785831 121.872002 ) (202.584015 0 121.872002 ) (198.639679 0 121.872002 ) 
4 54 56 (116.657005 0 121.872002 ) (116.657005 11.786730 121.872002 ) (198.950989 8.912710 121.872002 ) (198.639679 0 121.872002 ) 
4 54 55 (116.657005 11.786730 121.872002 ) (116.657005 57.441399 121.872002 ) (202.584015 57.441399 121.872002 ) (202.584015 8.785831 121.872002 ) 
4 55 59 (116.657005 57.441399 121.872002 ) (116.657005 57.441399 79.872498 ) (116.657005 11.786728 79.872498 ) (116.657005 11.786730 121.872002 ) 
4 55 57 (198.950989 8.912845 79.872498 ) (202.584015 8.785966 79.872498 ) (202.584015 8.785889 121.872002 ) (198.950989 8.912761 121.872002 ) 
4 55 56 (116.657005 11.786865 79.872498 ) (198.950989 8.912845 79.872498 ) (198.950989 8.912761 121.872002 ) (116.657005 11.786621 121.872002 ) 
4 55 58 (116.657005 11.786730 79.872498 ) (116.657005 57.441399 79.872498 ) (202.584015 57.441399 79.872498 ) (202.584015 8.785831 79.872498 ) 
4 56 89 (116.657005 0 85.401001 ) (116.657005 0 79.872498 ) (136.804993 0 79.872498 ) (136.804993 0 85.401001 ) 
4 56 88 (116.657005 0 121.872002 ) (116.657005 0 85.401001 ) (136.804993 0 85.401001 ) (136.804993 0 121.872002 ) 
4 56 73 (136.804993 0 79.872498 ) (198.639679 0 79.872498 ) (198.639679 0 121.872002 ) (136.804993 0 121.872002 ) 
4 56 60 (116.657005 0 85.401001 ) (116.657005 0 121.872002 ) (116.657005 1 121.872002 ) (116.657005 1 85.401001 ) 
4 56 59 (116.657005 11.786728 79.872498 ) (116.657005 1 79.872498 ) (116.657005 1 121.872002 ) (116.657005 11.786730 121.872002 ) 
4 56 58 (116.657005 0 79.872498 ) (116.657005 11.786730 79.872498 ) (198.950989 8.912710 79.872498 ) (198.639679 0 79.872498 ) 
4 56 57 (198.639618 0 79.872498 ) (198.951050 8.916018 79.872498 ) (198.951050 8.916019 121.872002 ) (198.639633 0 121.872002 ) 
4 57 76 (198.639679 0 79.872498 ) (202.584015 0 79.872498 ) (202.584015 0 121.872002 ) (198.639679 0 121.872002 ) 
4 57 58 (198.950989 8.912710 79.872498 ) (202.584015 8.785831 79.872498 ) (202.584015 0 79.872498 ) (198.639679 0 79.872498 ) 
4 58 90 (116.657005 0 68.210899 ) (116.657005 0 32 ) (136.804993 0 32 ) (136.804993 0 68.210899 ) 
4 58 89 (116.657005 0 79.872498 ) (116.657005 0 72.210899 ) (136.804993 0 72.210899 ) (136.804993 0 79.872498 ) 
4 58 77 (136.804993 0 32 ) (202.584015 0 32 ) (202.584015 0 79.872498 ) (136.804993 0 79.872498 ) 
4 58 59 (116.657005 57.441399 79.872498 ) (116.657005 57.441399 32 ) (116.657005 1 32 ) (116.657005 1 79.872498 ) 
4 59 60 (113.271011 1 160 ) (113.271011 1 85.401001 ) (116.657005 1 85.401001 ) (116.657005 1 160 ) 
4 59 61 (113.271011 57.441399 160 ) (113.271011 57.441399 32 ) (113.271011 1 32 ) (113.271011 1 160 ) 
4 60 88 (116.657005 0 160 ) (113.271011 0 160 ) (113.271011 0 85.401001 ) (116.657005 0 85.401001 ) 
4 60 61 (113.271011 0 85.401001 ) (113.271011 0 160 ) (113.271011 1 160 ) (113.271011 1 85.401001 ) 
4 61 159 (0 0 32 ) (0 0 160 ) (0 57.441399 160 ) (0 57.441399 32 ) 
4 61 94 (113.271011 0 160 ) (0 0 160 ) (0 0 32 ) (113.271011 0 32 ) 
4 62 70 (1024 0 160 ) (1024 0 32 ) (1024 -184 32 ) (1024 -184 160 ) 
4 63 97 (1024 -192 32 ) (1024 -400 32 ) (1024 -400 160 ) (1024 -192 160 ) 
4 64 65 (1032 -408 160 ) (1032 -408 80 ) (1032 -716.569031 80 ) (1032 -716.569031 160 ) 
4 65 98 (1024 -408 32 ) (1024 -716.569031 32 ) (1024 -716.569031 160 ) (1024 -408 160 ) 
4 66 68 (1036.979980 -996.570984 136.108002 ) (1036.979980 -996.570984 160 ) (1036.979980 -995.161011 160 ) (1036.979980 -995.161011 136.108002 ) 
4 66 69 (1036.979980 -995.161011 32 ) (1036.979980 -996.570984 32 ) (1036.979980 -996.570984 65.107903 ) (1036.979980 -995.161011 65.107903 ) 
4 66 67 (1036.979980 -728 160 ) (1036.979980 -728 32 ) (1036.979980 -995.161011 32 ) (1036.979980 -995.161011 160 ) 
4 67 114 (1024 -824 32 ) (1024 -995.161011 32 ) (1024 -995.161011 160 ) (1024 -824 160 ) 
4 67 111 (1024 -768 32 ) (1024 -824 32 ) (1024 -824 160 ) (1024 -768 160 ) 
4 67 109 (1024 -728 32 ) (1024 -768 32 ) (1024 -768 160 ) (1024 -728 160 ) 
4 67 68 (1036.979980 -995.161011 136.108002 ) (1036.979980 -995.161011 160 ) (1024 -995.161011 160 ) (1024 -995.161011 136.108002 ) 
4 67 69 (1024 -995.161011 32 ) (1036.979980 -995.161011 32 ) (1036.979980 -995.161011 65.107903 ) (1024 -995.161011 65.107903 ) 
4 68 115 (1024 -996.570984 136.108002 ) (1024 -996.570984 160 ) (1024 -995.161011 160 ) (1024 -995.161011 136.108002 ) 
4 69 116 (1024 -995.161011 32 ) (1024 -996.570984 32 ) (1024 -996.570984 65.107903 ) (1024 -995.161011 65.107903 ) 
4 70 96 (424 -184 32 ) (920 -184 32 ) (920 -184 160 ) (424 -184 160 ) 
4 70 95 (960 -184 32 ) (1016 -184 32 ) (1016 -184 136 ) (960 -184 136 ) 
4 70 80 (424 -128 32 ) (424 -130.326019 32 ) (424 -130.326019 160 ) (424 -128 160 ) 
4 70 81 (424 -136.886017 32 ) (424 -137.292023 32 ) (424 -137.292023 160 ) (424 -136.886017 160 ) 
4 70 71 (424 0 32 ) (424 -128 32 ) (424 -128 160 ) (424 0 160 ) 
4 70 93 (424 -137.292023 32 ) (424 -184 32 ) (424 -184 160 ) (424 -137.292023 160 ) 
4 71 80 (207.723007 -128 32 ) (424 -128 32 ) (424 -128 160 ) (207.723007 -128 160 ) 
4 72 88 (136.804993 -103.105003 121.872002 ) (136.804993 -103.105003 160 ) (136.804993 0 160 ) (136.804993 0 121.872002 ) 
4 72 78 (136.804993 -103.105003 160 ) (136.804993 -103.105003 121.872002 ) (202.584015 -103.105003 121.872002 ) (202.584015 -103.105003 160 ) 
5 72 76 (195.565002 -88.028206 121.872002 ) (198.639679 0 121.872002 ) (202.584015 0 121.872002 ) (202.584015 -1.651071 121.872002 ) (199.563019 -88.167809 121.872002 ) 
3 72 75 (202.584015 -1.651071 121.872002 ) (202.584015 -88.273293 121.872002 ) (199.563019 -88.167809 121.872002 ) 
4 72 74 (202.584015 -103.105003 121.872002 ) (195.038391 -103.105003 121.872002 ) (195.565002 -88.028206 121.872002 ) (202.584015 -88.273293 121.872002 ) 
4 72 73 (195.038391 -103.105003 121.872002 ) (136.804993 -103.105003 121.872002 ) (136.804993 0 121.872002 ) (198.639679 0 121.872002 ) 
4 73 89 (136.804993 -103.105003 79.872498 ) (136.804993 -103.105003 85.401001 ) (136.804993 0 85.401001 ) (136.804993 0 79.872498 ) 
4 73 88 (136.804993 -103.105003 85.401001 ) (136.804993 -103.105003 121.872002 ) (136.804993 0 121.872002 ) (136.804993 0 85.401001 ) 
4 73 78 (136.804993 -103.105003 121.872002 ) (136.804993 -103.105003 79.872498 ) (195.038391 -103.105003 79.872498 ) (195.038391 -103.105003 121.872002 ) 
4 73 77 (195.038391 -103.105003 79.872498 ) (136.804993 -103.105003 79.872498 ) (136.804993 0 79.872498 ) (198.639694 0 79.872498 ) 
4 73 76 (195.564941 -88.028198 79.872498 ) (198.639633 0 79.872498 ) (198.639618 0 121.872002 ) (195.564941 -88.028198 121.872002 ) 
4 73 74 (195.038330 -103.105003 79.872498 ) (195.564941 -88.028198 79.872498 ) (195.564941 -88.028198 121.872002 ) (195.038330 -103.105003 121.872002 ) 
4 74 78 (195.038391 -103.105003 79.872498 ) (202.584015 -103.105003 79.872498 ) (202.584015 -103.105003 121.872002 ) (195.038391 -103.105003 121.872002 ) 
4 74 77 (202.584015 -103.105003 79.872498 ) (195.038391 -103.105003 79.872498 ) (195.565002 -88.028206 79.872498 ) (202.584015 -88.273300 79.872498 ) 
4 74 76 (199.563019 -88.167755 79.872498 ) (195.566406 -88.028198 79.872498 ) (195.566406 -88.028198 121.872002 ) (199.563019 -88.167755 121.872002 ) 
4 74 75 (202.584015 -88.273239 79.872498 ) (199.563019 -88.167755 79.872498 ) (199.563019 -88.167755 121.872002 ) (202.584015 -88.273239 121.872002 ) 
3 75 77 (202.584015 -1.651072 79.872498 ) (202.584015 -88.273300 79.872498 ) (199.563019 -88.167809 79.872498 ) 
4 75 76 (202.584015 -1.648438 121.872002 ) (202.584015 -1.648438 79.872498 ) (199.562958 -88.165932 79.872498 ) (199.562958 -88.165932 121.872002 ) 
5 76 77 (195.565002 -88.028206 79.872498 ) (198.639694 0 79.872498 ) (202.584015 0 79.872498 ) (202.584015 -1.651072 79.872498 ) (199.563019 -88.167809 79.872498 ) 
4 77 90 (136.804993 0 32 ) (136.804993 -103.105003 32 ) (136.804993 -103.105003 68.210899 ) (136.804993 0 68.210899 ) 
4 77 89 (136.804993 -103.105003 72.210899 ) (136.804993 -103.105003 79.872498 ) (136.804993 0 79.872498 ) (136.804993 0 72.210899 ) 
4 77 79 (136.804993 -103.105003 68.210899 ) (136.804993 -103.105003 32 ) (202.584015 -103.105003 32 ) (202.584015 -103.105003 68.210899 ) 
4 77 78 (136.804993 -103.105003 79.872498 ) (136.804993 -103.105003 72.210899 ) (202.584015 -103.105003 72.210899 ) (202.584015 -103.105003 79.872498 ) 
4 78 89 (136.804993 -128 72.210899 ) (136.804993 -128 85.401001 ) (136.804993 -103.105003 85.401001 ) (136.804993 -103.105003 72.210899 ) 
4 78 88 (136.804993 -128 85.401001 ) (136.804993 -128 160 ) (136.804993 -103.105003 160 ) (136.804993 -103.105003 85.401001 ) 
4 78 85 (136.804993 -128 160 ) (136.804993 -128 72.210899 ) (201.673996 -128 72.210899 ) (201.673996 -128 160 ) 
4 78 82 (201.673996 -128 72.210899 ) (202.584015 -128 72.210899 ) (202.584015 -128 160 ) (201.673996 -128 160 ) 
4 79 90 (136.804993 -103.105003 32 ) (136.804993 -128 32 ) (136.804993 -128 68.210899 ) (136.804993 -103.105003 68.210899 ) 
4 79 85 (136.804993 -128 68.210899 ) (136.804993 -128 32 ) (201.673996 -128 32 ) (201.673996 -128 68.210899 ) 
4 79 82 (201.673996 -128 32 ) (202.584015 -128 32 ) (202.584015 -128 68.210899 ) (201.673996 -128 68.210899 ) 
4 81 93 (207.723007 -137.292023 32 ) (424 -137.292023 32 ) (424 -137.292023 160 ) (207.723007 -137.292023 160 ) 
4 82 84 (201.861008 -128 160 ) (201.861008 -128 32 ) (201.861008 -130.326019 32 ) (201.861008 -130.326019 160 ) 
4 83 93 (201.673996 -137.292023 32 ) (202.584015 -137.292023 32 ) (202.584015 -137.292023 160 ) (201.673996 -137.292023 160 ) 
4 83 84 (201.861008 -136.886017 32 ) (201.861008 -137.292023 32 ) (201.861008 -137.292023 160 ) (201.861008 -136.886017 160 ) 
4 84 86 (201.673996 -137 85.401001 ) (201.673996 -137 160 ) (201.673996 -132 160 ) (201.673996 -132 85.401001 ) 
4 84 85 (201.673996 -128 160 ) (201.673996 -128 32 ) (201.673996 -132 32 ) (201.673996 -132 160 ) 
4 84 87 (201.673996 -137 32 ) (201.673996 -137.292023 32 ) (201.673996 -137.292023 160 ) (201.673996 -137 160 ) 
4 85 91 (136.804993 -128 32 ) (136.804993 -132 32 ) (136.804993 -132 85.401001 ) (136.804993 -128 85.401001 ) 
4 85 88 (136.804993 -132 85.401001 ) (136.804993 -132 160 ) (136.804993 -128 160 ) (136.804993 -128 85.401001 ) 
4 85 86 (136.804993 -132 160 ) (136.804993 -132 85.401001 ) (201.673996 -132 85.401001 ) (201.673996 -132 160 ) 
4 86 88 (136.804993 -137 85.401001 ) (136.804993 -137 160 ) (136.804993 -132 160 ) (136.804993 -132 85.401001 ) 
4 86 87 (136.804993 -137 160 ) (136.804993 -137 85.401001 ) (201.673996 -137 85.401001 ) (201.673996 -137 160 ) 
4 87 92 (136.804993 -137 32 ) (136.804993 -137.292023 32 ) (136.804993 -137.292023 160 ) (136.804993 -137 160 ) 
4 87 93 (136.804993 -137.292023 32 ) (201.673996 -137.292023 32 ) (201.673996 -137.292023 160 ) (136.804993 -137.292023 160 ) 
4 88 91 (116.657005 -132 85.401001 ) (116.657005 -128 85.401001 ) (136.804993 -128 85.401001 ) (136.804993 -132 85.401001 ) 
4 88 89 (116.657005 0 85.401001 ) (136.804993 0 85.401001 ) (136.804993 -128 85.401001 ) (116.657005 -128 85.401001 ) 
4 88 92 (113.271011 -137 160 ) (113.271011 -137 85.401001 ) (136.804993 -137 85.401001 ) (136.804993 -137 160 ) 
4 88 94 (113.271011 -137 85.401001 ) (113.271011 -137 160 ) (113.271011 0 160 ) (113.271011 0 85.401001 ) 
4 89 91 (136.804993 -128 72.210899 ) (136.804993 -128 85.401001 ) (116.657005 -128 85.401001 ) (116.657005 -128 72.210899 ) 
4 90 91 (136.804993 -128 32 ) (136.804993 -128 68.210899 ) (116.657005 -128 68.210899 ) (116.657005 -128 32 ) 
4 92 94 (113.271011 -137 32 ) (113.271011 -137.292023 32 ) (113.271011 -137.292023 160 ) (113.271011 -137 160 ) 
4 92 93 (113.271011 -137.292023 160 ) (113.271011 -137.292023 32 ) (136.804993 -137.292023 32 ) (136.804993 -137.292023 160 ) 
4 93 96 (113.271011 -184 32 ) (424 -184 32 ) (424 -184 160 ) (113.271011 -184 160 ) 
4 93 94 (113.271011 -137.292023 32 ) (113.271011 -184 32 ) (113.271011 -184 160 ) (113.271011 -137.292023 160 ) 
4 94 203 (0 0 79.872498 ) (0 0 32 ) (0 -136 32 ) (0 -136 79.872498 ) 
4 94 199 (0 0 121.872002 ) (0 0 79.872498 ) (0 -136 79.872498 ) (0 -136 121.872002 ) 
4 94 198 (0 -136 160 ) (0 0 160 ) (0 0 121.872002 ) (0 -136 121.872002 ) 
4 94 204 (0 -184 160 ) (0 -136 160 ) (0 -136 32 ) (0 -184 32 ) 
4 94 96 (0 -184 32 ) (113.271011 -184 32 ) (113.271011 -184 160 ) (0 -184 160 ) 
4 95 97 (960 -192 32 ) (1016 -192 32 ) (1016 -192 136 ) (960 -192 136 ) 
4 96 204 (0 -192 160 ) (0 -184 160 ) (0 -184 32 ) (0 -192 32 ) 
4 96 105 (0 -192 32 ) (64 -192 32 ) (64 -192 160 ) (0 -192 160 ) 
4 96 104 (64 -192 32 ) (64.364304 -192 32 ) (64.364304 -192 160 ) (64 -192 160 ) 
4 96 102 (64.364304 -192 32 ) (408 -192 32 ) (408 -192 160 ) (64.364304 -192 160 ) 
4 96 101 (408 -192 32 ) (448 -192 32 ) (448 -192 160 ) (408 -192 160 ) 
4 96 100 (448 -192 32 ) (920 -192 32 ) (920 -192 160 ) (448 -192 160 ) 
4 98 107 (1000 -716.569031 72.557800 ) (1000 -716.569031 144 ) (928 -716.569031 144 ) (928 -716.569031 72.557800 ) 
4 98 99 (928 -408 32 ) (928 -716.569031 32 ) (928 -716.569031 160 ) (928 -408 160 ) 
4 99 107 (928 -716.569031 72.557800 ) (928 -716.569031 144 ) (920 -716.569031 144 ) (920 -716.569031 72.557800 ) 
4 99 100 (920 -408 32 ) (920 -716.569031 32 ) (920 -716.569031 160 ) (920 -408 160 ) 
4 100 108 (600 -716.569031 32 ) (656 -716.569031 32 ) (656 -716.569031 128 ) (600 -716.569031 128 ) 
4 100 107 (920 -716.569031 72.557800 ) (920 -716.569031 144 ) (808 -716.569031 144 ) (808 -716.569031 72.557800 ) 
4 100 101 (448 -192 160 ) (448 -192 32 ) (448 -216 32 ) (448 -216 160 ) 
4 101 102 (408 -192 160 ) (408 -192 32 ) (408 -216 32 ) (408 -216 160 ) 
4 102 104 (64.364304 -192 160 ) (64.364304 -192 32 ) (64.364304 -216 32 ) (64.364304 -216 160 ) 
4 103 104 (64.364304 -256 32 ) (64.364304 -716.569031 32 ) (64.364304 -716.569031 160 ) (64.364304 -256 160 ) 
4 104 105 (64 -192 160 ) (64 -192 32 ) (64 -228 32 ) (64 -228 160 ) 
4 104 106 (64 -244 32 ) (64 -716.569031 32 ) (64 -716.569031 160 ) (64 -244 160 ) 
4 105 206 (0 -228 160 ) (0 -215.981003 160 ) (0 -215.981003 32 ) (0 -228 32 ) 
4 105 204 (0 -215.981003 160 ) (0 -192 160 ) (0 -192 32 ) (0 -215.981003 32 ) 
4 106 209 (0 -716.569031 160 ) (0 -448 160 ) (0 -448 32 ) (0 -716.569031 32 ) 
4 106 207 (0 -448 160 ) (0 -244 160 ) (0 -244 32 ) (0 -448 32 ) 
4 107 109 (1000 -728 72.557800 ) (1000 -728 144 ) (808 -728 144 ) (808 -728 72.557800 ) 
4 108 110 (600 -728 32 ) (656 -728 32 ) (656 -728 128 ) (600 -728 128 ) 
4 109 111 (739.721069 -768 32 ) (1024 -768 32 ) (1024 -768 160 ) (739.721069 -768 160 ) 
4 110 128 (480 -728 160 ) (480 -728 32 ) (480 -768 32 ) (480 -768 160 ) 
4 110 113 (480 -768 160 ) (480 -768 32 ) (728 -768 32 ) (728 -768 160 ) 
4 111 114 (764.984070 -824 32 ) (1024 -824 32 ) (1024 -824 160 ) (764.984070 -824 160 ) 
4 111 117 (739.771973 -824 32 ) (764.984070 -824 32 ) (764.984070 -824 160 ) (739.771973 -824 160 ) 
4 111 112 (739.771973 -768 128 ) (739.771973 -768 32 ) (739.771973 -824 32 ) (739.771973 -824 128 ) 
4 112 113 (727.966003 -768 128 ) (727.966003 -768 32 ) (727.966003 -824 32 ) (727.966003 -824 128 ) 
4 113 128 (480 -768 32 ) (480 -824 32 ) (480 -824 160 ) (480 -768 160 ) 
4 113 118 (480 -824 160 ) (480 -824 32 ) (727.966003 -824 32 ) (727.966003 -824 160 ) 
4 114 115 (764.984070 -995.161011 160 ) (764.984070 -995.161011 136.108002 ) (1024 -995.161011 136.108002 ) (1024 -995.161011 160 ) 
4 114 116 (764.984070 -995.161011 65.107903 ) (764.984070 -995.161011 32 ) (1024 -995.161011 32 ) (1024 -995.161011 65.107903 ) 
4 114 117 (764.984070 -824 160 ) (764.984070 -824 32 ) (764.984070 -995.161011 32 ) (764.984070 -995.161011 160 ) 
4 115 117 (764.984070 -996.570984 136.108002 ) (764.984070 -996.570984 160 ) (764.984070 -995.161011 160 ) (764.984070 -995.161011 136.108002 ) 
4 116 117 (764.984070 -995.161011 32 ) (764.984070 -996.570984 32 ) (764.984070 -996.570984 65.107903 ) (764.984070 -995.161011 65.107903 ) 
4 118 128 (480 -824 32 ) (480 -832 32 ) (480 -832 160 ) (480 -824 160 ) 
4 118 121 (520.184021 -832 32 ) (576 -832 32 ) (576 -832 128 ) (520.184021 -832 128 ) 
4 118 119 (576 -832 160 ) (520.184021 -832 160 ) (520.184021 -832 128 ) (576 -832 128 ) 
4 120 122 (576 -843.578003 32 ) (728 -843.578003 32 ) (728 -843.578003 128 ) (576 -843.578003 128 ) 
4 121 127 (520.184021 -832 128 ) (520.184021 -832 32 ) (520.184021 -843.578003 32 ) (520.184021 -843.578003 128 ) 
4 121 122 (520.184021 -843.578003 128 ) (520.184021 -843.578003 32 ) (576 -843.578003 32 ) (576 -843.578003 128 ) 
4 122 127 (520.184021 -843.578003 32 ) (520.184021 -995.161011 32 ) (520.184021 -995.161011 160 ) (520.184021 -843.578003 160 ) 
4 122 124 (712 -995.161011 136.072998 ) (712 -995.161011 160 ) (535.241089 -995.161011 160 ) (535.241089 -995.161011 136.072998 ) 
4 122 125 (535.241089 -995.161011 32 ) (712 -995.161011 32 ) (712 -995.161011 65.073196 ) (535.241089 -995.161011 65.073196 ) 
4 122 123 (712 -995.161011 32 ) (728 -995.161011 32 ) (728 -995.161011 160 ) (712 -995.161011 160 ) 
4 122 126 (520.184021 -995.161011 160 ) (520.184021 -995.161011 32 ) (535.241089 -995.161011 32 ) (535.241089 -995.161011 160 ) 
4 123 124 (712 -995.161011 160 ) (712 -995.161011 136.072998 ) (712 -996.570984 136.072998 ) (712 -996.570984 160 ) 
4 123 125 (712 -995.161011 65.073196 ) (712 -995.161011 32 ) (712 -996.570984 32 ) (712 -996.570984 65.073196 ) 
4 124 126 (535.241089 -995.161011 160 ) (535.241089 -995.161011 136.072998 ) (535.241089 -996.570984 136.072998 ) (535.241089 -996.570984 160 ) 
4 125 126 (535.241089 -995.161011 65.073196 ) (535.241089 -995.161011 32 ) (535.241089 -996.570984 32 ) (535.241089 -996.570984 65.073196 ) 
4 126 127 (520.184021 -995.161011 32 ) (520.184021 -996.570984 32 ) (520.184021 -996.570984 160 ) (520.184021 -995.161011 160 ) 
4 128 135 (232 -832 128 ) (232 -832 32 ) (296 -832 32 ) (296 -832 128 ) 
4 128 131 (424 -832 32 ) (480 -832 32 ) (480 -832 128 ) (424 -832 128 ) 
4 128 129 (480 -832 128 ) (480 -832 160 ) (424 -832 160 ) (424 -832 128 ) 
4 129 131 (424 -832.289001 128 ) (424 -832 128 ) (480 -832 128 ) (480 -832.289001 128 ) 
4 130 132 (423.072998 -843.719971 128 ) (384 -843.719971 128 ) (384 -843.432007 128 ) (423.072998 -843.432007 128 ) 
4 130 133 (384 -843.719971 160 ) (384 -843.719971 128 ) (423.072998 -843.719971 128 ) (423.072998 -843.719971 160 ) 
4 131 132 (424 -843.719971 32 ) (424 -843.719971 128 ) (424 -843.432007 128 ) (424 -843.432007 32 ) 
4 131 133 (424 -843.719971 32 ) (480 -843.719971 32 ) (480 -843.719971 128 ) (424 -843.719971 128 ) 
4 132 133 (384 -843.719971 128 ) (384 -843.719971 32 ) (424 -843.719971 32 ) (424 -843.719971 128 ) 
4 133 134 (384 -992 32 ) (480 -992 32 ) (480 -992 160 ) (384 -992 160 ) 
4 135 136 (296 -839.070007 33.110603 ) (296 -839.070007 128 ) (232 -839.070007 128 ) (232 -839.070007 33.110603 ) 
4 136 138 (240 -843.432007 33.110603 ) (296 -843.432007 33.110603 ) (296 -843.432007 112 ) (240 -843.432007 112 ) 
4 136 137 (296 -843.432007 112 ) (296 -843.432007 128 ) (240 -843.432007 128 ) (240 -843.432007 112 ) 
4 136 141 (232 -843.432007 128 ) (232 -843.432007 33.110603 ) (240 -843.432007 33.110603 ) (240 -843.432007 128 ) 
4 137 140 (304 -992 112 ) (244 -992 112 ) (244 -972 112 ) (304 -972 112 ) 
4 137 138 (240 -924 112 ) (240 -843.432007 112 ) (304 -843.432007 112 ) (304 -924 112 ) 
4 137 139 (240 -972 112 ) (240 -928 112 ) (304 -928 112 ) (304 -972 112 ) 
4 137 141 (240 -843.432007 160 ) (240 -843.432007 112 ) (240 -992 112 ) (240 -992 160 ) 
4 138 141 (240 -843.432007 112 ) (240 -843.432007 33.110603 ) (240 -924 33.110603 ) (240 -924 112 ) 
4 139 140 (304 -972 112 ) (244 -972 112 ) (244 -972 33.110603 ) (304 -972 33.110603 ) 
4 139 141 (240 -928 33.110603 ) (240 -972 33.110603 ) (240 -972 112 ) (240 -928 112 ) 
4 141 143 (232 -992 33.110603 ) (232 -992 160 ) (232 -843.432007 160 ) (232 -843.432007 33.110603 ) 
4 142 144 (104 -840 33.110603 ) (220.279999 -840 33.110603 ) (220.279999 -840 160 ) (104 -840 160 ) 
4 143 144 (220.279999 -843.348999 33.110603 ) (220.279999 -992 33.110603 ) (220.279999 -992 160 ) (220.279999 -843.348999 160 ) 
4 144 147 (100 -911.861023 33.110603 ) (100 -915.861023 33.110603 ) (100 -915.861023 112 ) (100 -911.861023 112 ) 
4 144 146 (100 -840 112 ) (100 -840 33.110603 ) (100 -880 33.110603 ) (100 -880 112 ) 
4 144 149 (100 -915.861023 33.110603 ) (100 -952 33.110603 ) (100 -952 112 ) (100 -915.861023 112 ) 
4 144 145 (100 -840 160 ) (100 -840 112 ) (100 -992 112 ) (100 -992 160 ) 
4 145 151 (28.181999 -840 112 ) (32 -840 112 ) (32 -992 112 ) (28.181999 -992 112 ) 
4 145 150 (96 -992 112 ) (32 -992 112 ) (32 -952 112 ) (96 -952 112 ) 
4 145 148 (32 -911.861023 112 ) (32 -880 112 ) (96 -880 112 ) (96 -911.861023 112 ) 
4 145 147 (100 -911.861023 112 ) (100 -915.861023 112 ) (99.348602 -915.861023 112 ) (99.348602 -911.861023 112 ) 
4 145 146 (32 -840 112 ) (100 -840 112 ) (100 -880 112 ) (32 -880 112 ) 
4 145 149 (100 -915.861023 112 ) (100 -952 112 ) (32 -952 112 ) (32 -915.861023 112 ) 
4 146 151 (32 -880 112 ) (32 -840 112 ) (32 -840 33.110603 ) (32 -880 33.110603 ) 
4 146 148 (32 -880 112 ) (32 -880 33.110603 ) (96 -880 33.110603 ) (96 -880 112 ) 
4 147 149 (99.348602 -915.861023 33.110603 ) (100 -915.861023 33.110603 ) (100 -915.861023 112 ) (99.348602 -915.861023 112 ) 
4 148 151 (32 -911.861023 112 ) (32 -880 112 ) (32 -880 33.110603 ) (32 -911.861023 33.110603 ) 
4 149 151 (32 -952 112 ) (32 -915.861023 112 ) (32 -915.861023 33.110603 ) (32 -952 33.110603 ) 
4 149 150 (32 -952 112 ) (32 -952 33.110603 ) (96 -952 33.110603 ) (96 -952 112 ) 
4 150 151 (32 -992 112 ) (32 -952 112 ) (32 -952 33.110603 ) (32 -992 33.110603 ) 
4 152 163 (-308.134003 80 32 ) (-62.373802 80 32 ) (-62.373802 80 160 ) (-308.134003 80 160 ) 
4 152 160 (-62.373802 80 32 ) (-6.373850 80 32 ) (-6.373850 80 160 ) (-62.373802 80 160 ) 
4 152 158 (-6.373850 80 32 ) (0 80 32 ) (0 80 160 ) (-6.373850 80 160 ) 
4 152 155 (-308.134003 136 32 ) (-308.134003 80 32 ) (-308.134003 80 128 ) (-308.134003 136 128 ) 
4 152 154 (-308.134003 144 32 ) (-308.134003 136 32 ) (-308.134003 136 128 ) (-308.134003 144 128 ) 
4 152 153 (-308.134003 344 160 ) (-308.134003 344 32 ) (-308.134003 144 32 ) (-308.134003 144 160 ) 
4 153 154 (-308.567993 144 32 ) (-308.134003 144 32 ) (-308.134003 144 128 ) (-308.567993 144 128 ) 
4 154 155 (-308.567993 136 32 ) (-308.134003 136 32 ) (-308.134003 136 128 ) (-308.567993 136 128 ) 
4 155 163 (-308.567993 80 32 ) (-308.134003 80 32 ) (-308.134003 80 128 ) (-308.567993 80 128 ) 
4 155 156 (-319.565002 136 128 ) (-319.565002 136 32 ) (-319.565002 80 32 ) (-319.565002 80 128 ) 
4 156 157 (-320 136 32 ) (-320 80 32 ) (-320 80 160 ) (-320 136 160 ) 
4 157 172 (-416 344 32 ) (-416 80 32 ) (-416 80 160 ) (-416 344 160 ) 
4 157 164 (-416 80 160 ) (-416 80 32 ) (-320 80 32 ) (-320 80 160 ) 
4 158 161 (-6.373850 69.556107 32 ) (-6.373850 69.121597 32 ) (-6.373850 69.121597 128 ) (-6.373850 69.556107 128 ) 
4 158 160 (-6.373850 80 160 ) (-6.373850 80 32 ) (-6.373850 69.556107 32 ) (-6.373850 69.556107 160 ) 
4 159 203 (0 0 32 ) (0 0 79.872498 ) (-6.373850 0 79.872498 ) (-6.373850 0 32 ) 
4 159 199 (0 0 79.872498 ) (0 0 121.872002 ) (-6.373850 0 121.872002 ) (-6.373850 0 79.872498 ) 
4 159 198 (0 0 121.872002 ) (0 0 160 ) (-6.373850 0 160 ) (-6.373850 0 121.872002 ) 
4 159 161 (-6.373850 58.409203 32 ) (-6.373850 58.125103 32 ) (-6.373850 58.125103 128 ) (-6.373850 58.409203 128 ) 
4 159 162 (-6.373850 58.125103 32 ) (-6.373850 0 32 ) (-6.373850 0 160 ) (-6.373850 58.125103 160 ) 
4 160 163 (-62.373802 80 160 ) (-62.373802 80 32 ) (-62.373802 69.556107 32 ) (-62.373802 69.556107 160 ) 
4 160 161 (-62.373802 69.556107 128 ) (-62.373802 69.556107 32 ) (-6.373850 69.556107 32 ) (-6.373850 69.556107 128 ) 
4 161 166 (-62.373802 58.125103 79.872498 ) (-62.373802 58.125103 121.872002 ) (-62.373802 58.409203 121.872002 ) (-62.373802 58.409203 79.872498 ) 
4 161 165 (-62.373802 58.125103 121.872002 ) (-62.373802 58.125103 128 ) (-62.373802 58.409203 128 ) (-62.373802 58.409203 121.872002 ) 
4 161 170 (-62.373802 58.409203 32 ) (-62.373802 58.125103 32 ) (-62.373802 58.125103 79.872498 ) (-62.373802 58.409203 79.872498 ) 
4 161 163 (-62.373802 69.556107 32 ) (-62.373802 69.121597 32 ) (-62.373802 69.121597 128 ) (-62.373802 69.556107 128 ) 
4 161 162 (-62.373802 58.125103 128 ) (-62.373802 58.125103 32 ) (-6.373850 58.125103 32 ) (-6.373850 58.125103 128 ) 
4 162 203 (-62.373802 0 79.872498 ) (-62.373802 0 32 ) (-6.373850 0 32 ) (-6.373850 0 79.872498 ) 
4 162 199 (-62.373802 0 121.872002 ) (-62.373802 0 79.872498 ) (-6.373850 0 79.872498 ) (-6.373850 0 121.872002 ) 
4 162 198 (-6.373850 0 160 ) (-62.373802 0 160 ) (-62.373802 0 121.872002 ) (-6.373850 0 121.872002 ) 
4 162 168 (-62.373802 0 79.872498 ) (-62.373802 0 121.872002 ) (-62.373802 4.951835 121.872002 ) (-62.373802 4.951832 79.872498 ) 
4 162 166 (-62.373802 4.951835 121.872002 ) (-62.373802 58.125103 121.872002 ) (-62.373802 58.125103 79.872498 ) (-62.373802 4.951832 79.872498 ) 
4 162 165 (-62.373802 0 121.872002 ) (-62.373802 0 160 ) (-62.373802 58.125103 160 ) (-62.373802 58.125103 121.872002 ) 
4 162 170 (-62.373802 58.125103 32 ) (-62.373802 0 32 ) (-62.373802 0 79.872498 ) (-62.373802 58.125103 79.872498 ) 
4 164 172 (-416 80 32 ) (-416 69.121597 32 ) (-416 69.121597 160 ) (-416 80 160 ) 
4 165 198 (-62.373802 0 160 ) (-184 0 160 ) (-184 0 121.872002 ) (-62.373802 0 121.872002 ) 
4 165 169 (-180.615005 9.080509 121.872002 ) (-176.617004 8.940909 121.872002 ) (-176.929199 0 121.872002 ) (-180.932068 0 121.872002 ) 
4 165 168 (-176.617004 8.940909 121.872002 ) (-62.373802 4.951832 121.872002 ) (-62.373802 0 121.872002 ) (-176.929199 0 121.872002 ) 
4 165 167 (-184 0 121.872002 ) (-184 9.198705 121.872002 ) (-180.615005 9.080509 121.872002 ) (-180.932068 0 121.872002 ) 
4 165 166 (-184 9.198705 121.872002 ) (-184 58.409203 121.872002 ) (-62.373802 58.409203 121.872002 ) (-62.373802 4.951832 121.872002 ) 
4 166 169 (-180.615005 9.080535 79.872498 ) (-176.617004 8.940935 79.872498 ) (-176.617004 8.940938 121.872002 ) (-180.615021 9.080537 121.872002 ) 
4 166 168 (-176.617004 8.940935 79.872498 ) (-62.373802 4.951859 79.872498 ) (-62.373802 4.951904 121.872002 ) (-176.617004 8.940938 121.872002 ) 
4 166 167 (-184 9.198730 79.872498 ) (-180.615005 9.080535 79.872498 ) (-180.615021 9.080537 121.872002 ) (-184 9.198730 121.872002 ) 
4 166 170 (-184 9.198705 79.872498 ) (-184 58.409203 79.872498 ) (-62.373802 58.409203 79.872498 ) (-62.373802 4.951832 79.872498 ) 
4 167 201 (-184 0 121.872002 ) (-184 0 79.872498 ) (-180.932083 0 79.872498 ) (-180.932068 0 121.872002 ) 
4 167 169 (-180.932007 0 79.872498 ) (-180.614746 9.085933 79.872498 ) (-180.614746 9.085930 121.872002 ) (-180.932007 0 121.872002 ) 
4 167 170 (-184 0 79.872498 ) (-184 9.198705 79.872498 ) (-180.615005 9.080509 79.872498 ) (-180.932068 0 79.872498 ) 
4 168 199 (-176.929199 0 79.872498 ) (-62.373802 0 79.872498 ) (-62.373802 0 121.872002 ) (-176.929199 0 121.872002 ) 
4 168 170 (-176.617004 8.940909 79.872498 ) (-62.373802 4.951832 79.872498 ) (-62.373802 0 79.872498 ) (-176.929199 0 79.872498 ) 
4 168 169 (-176.617065 8.941414 121.872002 ) (-176.617065 8.941411 79.872498 ) (-176.929276 0 79.872498 ) (-176.929291 0 121.872002 ) 
4 169 202 (-180.932083 0 79.872498 ) (-176.929199 0 79.872498 ) (-176.929199 0 121.872002 ) (-180.932068 0 121.872002 ) 
4 169 170 (-180.615005 9.080509 79.872498 ) (-176.617004 8.940909 79.872498 ) (-176.929199 0 79.872498 ) (-180.932068 0 79.872498 ) 
4 170 203 (-184 0 79.872498 ) (-184 0 32 ) (-62.373802 0 32 ) (-62.373802 0 79.872498 ) 
4 171 205 (-189.138000 0 160 ) (-416 0 160 ) (-416 0 32 ) (-189.138000 0 32 ) 
4 171 175 (-416 58.409203 32 ) (-416 0 32 ) (-416 0 144 ) (-416 58.409203 144 ) 
4 171 173 (-416 0 144 ) (-416 0 160 ) (-416 57.748699 160 ) (-416 57.748699 144 ) 
4 172 176 (-585.206970 344 32 ) (-585.206970 69.425598 32 ) (-585.206970 69.425598 160 ) (-585.206970 344 160 ) 
4 172 174 (-585.206970 69.179703 144 ) (-585.206970 69.179703 72.557800 ) (-416 69.179703 72.557800 ) (-416 69.179703 144 ) 
4 173 205 (-416 0 160 ) (-585.206970 0 160 ) (-585.206970 0 144 ) (-416 0 144 ) 
4 173 177 (-585.206970 56.565430 160 ) (-585.206970 57.064705 160 ) (-585.206970 57.064705 144 ) (-585.206970 56.565430 144 ) 
4 173 181 (-585.206970 0 144 ) (-585.206970 0 160 ) (-585.206970 56.565430 160 ) (-585.206970 56.565430 144 ) 
4 173 175 (-585.206970 0 144 ) (-585.206970 57.748699 144 ) (-416 57.748699 144 ) (-416 0 144 ) 
4 174 175 (-416 58.678703 72.557800 ) (-416 58.678703 144 ) (-585.206970 58.678703 144 ) (-585.206970 58.678703 72.557800 ) 
4 175 205 (-585.206970 0 144 ) (-585.206970 0 32 ) (-416 0 32 ) (-416 0 144 ) 
4 175 177 (-585.206970 57.064705 32 ) (-585.206970 56.565430 32 ) (-585.206970 56.565430 144 ) (-585.206970 57.064705 144 ) 
4 175 181 (-585.206970 56.565430 32 ) (-585.206970 0 32 ) (-585.206970 0 144 ) (-585.206970 56.565430 144 ) 
4 176 184 (-681 69.425598 72.557800 ) (-681 69.425598 144 ) (-681 115 144 ) (-681 115 72.557800 ) 
4 176 182 (-681 115 72.557800 ) (-681 115 144 ) (-681 286 144 ) (-681 286 72.557800 ) 
4 176 179 (-681 69.425598 160 ) (-681 69.425598 32 ) (-628.899048 69.425598 32 ) (-628.899048 69.425598 160 ) 
4 177 178 (-625 57.064705 32 ) (-625 56.565430 32 ) (-625 56.565430 128 ) (-625 57.064705 128 ) 
4 177 181 (-625 56.565430 32 ) (-585.206970 56.565430 32 ) (-585.206970 56.565430 160 ) (-625 56.565430 160 ) 
4 178 180 (-628.899048 57.064705 32 ) (-628.899048 56.565430 32 ) (-628.899048 56.565430 128 ) (-628.899048 57.064705 128 ) 
4 178 181 (-628.899048 56.565430 32 ) (-625 56.565430 32 ) (-625 56.565430 128 ) (-628.899048 56.565430 128 ) 
4 179 184 (-681 68.930298 72.557800 ) (-681 68.930298 144 ) (-681 69.425598 144 ) (-681 69.425598 72.557800 ) 
4 179 180 (-681 68.930298 128 ) (-681 68.930298 32 ) (-628.899048 68.930298 32 ) (-628.899048 68.930298 128 ) 
4 180 186 (-681 68.182297 32 ) (-681 56.565430 32 ) (-681 56.565430 128 ) (-681 68.182297 128 ) 
4 180 184 (-681 68.182297 72.557800 ) (-681 68.182297 128 ) (-681 68.930298 128 ) (-681 68.930298 72.557800 ) 
4 180 181 (-681 56.565430 128 ) (-681 56.565430 32 ) (-628.899048 56.565430 32 ) (-628.899048 56.565430 128 ) 
4 181 205 (-585.206970 0 160 ) (-681 0 160 ) (-681 0 32 ) (-585.206970 0 32 ) 
4 181 188 (-681 56.565430 32 ) (-681 0 32 ) (-681 0 160 ) (-681 56.565430 160 ) 
4 182 183 (-692.431030 286 72.557800 ) (-692.431030 115 72.557800 ) (-692.431030 115 144 ) (-692.431030 286 144 ) 
4 183 185 (-692.625000 344 160 ) (-692.625000 344 32 ) (-692.625000 115 32 ) (-692.625000 115 160 ) 
4 185 191 (-712 68.431999 32 ) (-712 68.182297 32 ) (-712 68.182297 128 ) (-712 68.431999 128 ) 
4 185 190 (-712 69.057098 32 ) (-712 68.431999 32 ) (-712 68.431999 160 ) (-712 69.057098 160 ) 
4 185 189 (-712 344 32 ) (-712 69.057098 32 ) (-712 69.057098 160 ) (-712 344 160 ) 
4 186 187 (-681.193970 57 32 ) (-681.193970 56.751305 32 ) (-681.193970 56.751305 160 ) (-681.193970 57 160 ) 
4 187 188 (-692 56.751305 32 ) (-681 56.751305 32 ) (-681 56.751305 160 ) (-692 56.751305 160 ) 
4 188 205 (-681 0 160 ) (-712 0 160 ) (-712 0 32 ) (-681 0 32 ) 
4 188 192 (-712 56.751305 32 ) (-712 0 32 ) (-712 0 160 ) (-712 56.751305 160 ) 
4 189 195 (-960 344 32 ) (-960 69.057098 32 ) (-960 69.057098 160 ) (-960 344 160 ) 
4 189 193 (-960 69.057098 144 ) (-960 69.057098 72.557800 ) (-788 69.057098 72.557800 ) (-788 69.057098 144 ) 
4 189 190 (-768 69.057098 32 ) (-712 69.057098 32 ) (-712 69.057098 160 ) (-768 69.057098 160 ) 
4 190 191 (-768 68.431999 128 ) (-768 68.431999 32 ) (-712 68.431999 32 ) (-712 68.431999 128 ) 
4 191 194 (-768 57.568005 32 ) (-768 57 32 ) (-768 57 128 ) (-768 57.568005 128 ) 
4 191 192 (-768 57 128 ) (-768 57 32 ) (-712 57 32 ) (-712 57 128 ) 
4 192 205 (-712 0 160 ) (-768 0 160 ) (-768 0 32 ) (-712 0 32 ) 
4 192 194 (-768 57 32 ) (-768 0 32 ) (-768 0 160 ) (-768 57 160 ) 
4 193 194 (-960 57.568005 144 ) (-960 57.568005 72.557800 ) (-788 57.568005 72.557800 ) (-788 57.568005 144 ) 
4 194 205 (-768 0 160 ) (-960 0 160 ) (-960 0 32 ) (-768 0 32 ) 
4 194 196 (-960 57.568005 32 ) (-960 0 32 ) (-960 0 160 ) (-960 57.568005 160 ) 
4 195 197 (-986.325073 69 160 ) (-986.325073 69 32 ) (-986 69 32 ) (-986 69 160 ) 
4 196 205 (-960 0 160 ) (-986 0 160 ) (-986 0 32 ) (-960 0 32 ) 
4 196 197 (-986 57.568005 32 ) (-986 0 32 ) (-986 0 160 ) (-986 57.568005 160 ) 
4 197 205 (-986 0 160 ) (-986.325073 0 160 ) (-986.325073 0 32 ) (-986 0 32 ) 
3 198 201 (-184 -87.860397 121.872002 ) (-184 0 121.872002 ) (-180.932083 0 121.872002 ) 
4 198 202 (-184 -87.860397 121.872002 ) (-180.932083 0 121.872002 ) (-176.929199 0 121.872002 ) (-180.001984 -88 121.872002 ) 
4 198 200 (-181.678055 -136 121.872002 ) (-184 -136 121.872002 ) (-184 -87.860397 121.872002 ) (-180.001984 -88 121.872002 ) 
4 198 199 (0 -136 121.872002 ) (-181.678055 -136 121.872002 ) (-176.929199 0 121.872002 ) (0 0 121.872002 ) 
4 198 204 (-184 -136 121.872002 ) (0 -136 121.872002 ) (0 -136 160 ) (-184 -136 160 ) 
4 199 203 (0 -136 79.872498 ) (-181.678070 -136 79.872498 ) (-176.929199 0 79.872498 ) (0 0 79.872498 ) 
4 199 202 (-176.929199 0 79.872498 ) (-180.001938 -88 79.872498 ) (-180.001907 -88 121.872002 ) (-176.929108 0 121.872002 ) 
4 199 200 (-180.001938 -88 79.872498 ) (-181.677979 -136 79.872498 ) (-181.677979 -136 121.872002 ) (-180.001907 -88 121.872002 ) 
4 199 204 (-181.678055 -136 79.872498 ) (0 -136 79.872498 ) (0 -136 121.872002 ) (-181.678070 -136 121.872002 ) 
4 200 203 (-181.678070 -136 79.872498 ) (-184 -136 79.872498 ) (-184 -87.860390 79.872498 ) (-180.001999 -88 79.872498 ) 
4 200 202 (-180 -88 121.872002 ) (-180 -88 79.872498 ) (-184 -87.860329 79.872498 ) (-184 -87.860321 121.872002 ) 
4 200 204 (-184 -136 79.872498 ) (-181.678055 -136 79.872498 ) (-181.678070 -136 121.872002 ) (-184 -136 121.872002 ) 
3 201 203 (-184 0 79.872498 ) (-180.932083 0 79.872498 ) (-184 -87.860390 79.872498 ) 
4 201 202 (-184 -87.857430 121.872002 ) (-184 -87.857430 79.872498 ) (-180.931946 0 79.872498 ) (-180.932129 0 121.872002 ) 
4 202 203 (-180.932083 0 79.872498 ) (-176.929199 0 79.872498 ) (-180.001999 -88 79.872498 ) (-184 -87.860390 79.872498 ) 
4 203 204 (-184 -136 32 ) (0 -136 32 ) (0 -136 79.872498 ) (-184 -136 79.872498 ) 
4 204 206 (-64 -215.981003 32 ) (0 -215.981003 32 ) (0 -215.981003 160 ) (-64 -215.981003 160 ) 
4 204 205 (-189.138000 -136 32 ) (-189.138000 -215.981003 32 ) (-189.138000 -215.981003 160 ) (-189.138000 -136 160 ) 
4 205 214 (-986.325073 -215.981003 160 ) (-986.325073 -215.981003 32 ) (-448.899017 -215.981003 32 ) (-448.899017 -215.981003 160 ) 
4 207 209 (0 -448 160 ) (-64 -448 160 ) (-64 -448 32 ) (0 -448 32 ) 
4 207 208 (-64 -448 32 ) (-64 -448 160 ) (-64 -256 160 ) (-64 -256 32 ) 
4 208 210 (-192 -256 32 ) (-192 -448 32 ) (-192 -448 160 ) (-192 -256 160 ) 
4 208 209 (-64 -448 160 ) (-152 -448 160 ) (-152 -448 32 ) (-64 -448 32 ) 
4 211 213 (-192 -561.853027 33.228699 ) (-192 -561.853027 160 ) (-261.710999 -561.853027 160 ) (-261.710999 -561.853027 33.228699 ) 
4 212 213 (-416.308044 -561.853027 160 ) (-416.308044 -561.853027 33.228699 ) (-283.710999 -561.853027 33.228699 ) (-283.710999 -561.853027 160 ) 
4 213 220 (-415.409027 -608 160 ) (-416.308044 -608 160 ) (-416.308044 -608 33.228699 ) (-415.409027 -608 33.228699 ) 
4 213 217 (-283.710999 -608 160 ) (-415.409027 -608 160 ) (-415.409027 -608 33.228699 ) (-283.710999 -608 33.228699 ) 
4 213 216 (-261.710999 -608 160 ) (-283.710999 -608 160 ) (-283.710999 -608 33.228699 ) (-261.710999 -608 33.228699 ) 
4 213 215 (-192 -608 33.228699 ) (-192 -608 160 ) (-261.710999 -608 160 ) (-261.710999 -608 33.228699 ) 
4 214 224 (-976 -608 32 ) (-504 -608 32 ) (-504 -608 160 ) (-976 -608 160 ) 
4 214 223 (-504 -608 32 ) (-449.549988 -608 32 ) (-449.549988 -608 160 ) (-504 -608 160 ) 
4 214 227 (-986.325073 -608 160 ) (-986.325073 -608 32 ) (-976 -608 32 ) (-976 -608 160 ) 
4 214 222 (-449.549988 -608 32 ) (-448.899017 -608 32 ) (-448.899017 -608 33.228699 ) (-449.549988 -608 33.228699 ) 
4 214 221 (-448.899017 -608 33.228699 ) (-448.899017 -608 128 ) (-449.549988 -608 128 ) (-449.549988 -608 33.228699 ) 
4 215 218 (-261.710999 -709.922058 33.228699 ) (-192 -709.922058 33.228699 ) (-192 -709.922058 160 ) (-261.710999 -709.922058 160 ) 
4 215 216 (-261.710999 -608 160 ) (-261.710999 -608 33.228699 ) (-261.710999 -626.494995 33.228699 ) (-261.710999 -626.494995 160 ) 
4 216 217 (-283.710999 -608 160 ) (-283.710999 -608 33.228699 ) (-283.710999 -626.494995 33.228699 ) (-283.710999 -626.494995 160 ) 
4 217 220 (-415.409027 -608 160 ) (-415.409027 -608 33.228699 ) (-415.409027 -672 33.228699 ) (-415.409027 -672 160 ) 
4 217 218 (-414.459045 -709.922058 33.228699 ) (-283.710999 -709.922058 33.228699 ) (-283.710999 -709.922058 160 ) (-414.459045 -709.922058 160 ) 
4 217 219 (-415.409027 -709.922058 160 ) (-415.409027 -709.922058 33.228699 ) (-414.459045 -709.922058 33.228699 ) (-414.459045 -709.922058 160 ) 
4 218 219 (-414.459045 -709.922058 33.228699 ) (-414.459045 -710.505066 33.228699 ) (-414.459045 -710.505066 160 ) (-414.459045 -709.922058 160 ) 
4 220 221 (-416.352997 -608 33.228699 ) (-416.352997 -672 33.228699 ) (-416.352997 -672 128 ) (-416.352997 -608 128 ) 
4 221 223 (-449.549988 -608 128 ) (-449.549988 -608 33.228699 ) (-449.549988 -672 33.228699 ) (-449.549988 -672 128 ) 
4 221 222 (-424.602997 -672 33.228699 ) (-449.549988 -672 33.228699 ) (-449.549988 -608 33.228699 ) (-424.602997 -608 33.228699 ) 
4 222 223 (-449.549988 -608 33.228699 ) (-449.549988 -608 32 ) (-449.549988 -672 32 ) (-449.549988 -672 33.228699 ) 
4 223 225 (-504 -716.569031 140.628021 ) (-504 -716.569031 160 ) (-504 -716.089050 160 ) (-504 -716.089050 140.628021 ) 
4 223 226 (-504 -716.569031 32 ) (-504 -716.569031 69.628403 ) (-504 -716.089050 69.628403 ) (-504 -716.089050 32 ) 
4 223 224 (-504 -716.089050 160 ) (-504 -608 160 ) (-504 -608 32 ) (-504 -716.089050 32 ) 
4 224 225 (-976 -716.089050 160 ) (-976 -716.089050 140.628021 ) (-504 -716.089050 140.628021 ) (-504 -716.089050 160 ) 
4 224 226 (-976 -716.089050 69.628403 ) (-976 -716.089050 32 ) (-504 -716.089050 32 ) (-504 -716.089050 69.628403 ) 
4 224 227 (-976 -716.089050 160 ) (-976 -608 160 ) (-976 -608 32 ) (-976 -716.089050 32 ) 
4 225 227 (-976 -716.569031 140.628021 ) (-976 -716.569031 160 ) (-976 -716.089050 160 ) (-976 -716.089050 140.628021 ) 
4 226 227 (-976 -716.569031 32 ) (-976 -716.569031 69.628403 ) (-976 -716.089050 69.628403 ) (-976 -716.089050 32 ) 
