


materialPath: d:\mysteam\steamapps\rudywseidinger\counter-strike source\cstrike\materials
Loading D:\User Profiles\Rudy\CS Maps\de_innvent.vmf
Could not locate 'GameData' key in d:\mysteam\steamapps\rudywseidinger\counter-strike source\cstrike\gameinfo.txt
fixing up env_cubemap materials on brush sides...
0...1...2...3...4...5...6...7...8...9...100...1...2...3...4...5...6...7...8...9...10Processing areas...done (0)
Building Faces...done (0)
FixTjuncs...
PruneNodes...
WriteBSP...
done (0)
writing D:\User Profiles\Rudy\CS Maps\de_innvent.prt...Building visibility clusters...
done (0)
Creating default LDR cubemaps for env_cubemap using skybox materials:
   skybox/sky_day01_01*.vmt
 ! Run buildcubemaps in the engine to get the correct cube maps.
Creating default HDR cubemaps for env_cubemap using skybox materials:
   skybox/sky_day01_01*.vmt
 ! Run buildcubemaps in the engine to get the correct cube maps.
Finding displacement neighbors...
Finding lightmap sample positions...
Displacement Alpha : 0...1...2...3...4...5...6...7...8...9...10
Building Physics collision data...
done (0) (25348 bytes)
Placing detail props : 0...1...2...3...4...5...6...7...8...9...10
Compacting texture/material tables...
Reduced 165 texinfos to 109
Reduced 14 texdatas to 14 (303 bytes to 303)
Writing D:\User Profiles\Rudy\CS Maps\de_innvent.bsp
0 seconds elapsed



2 threads
reading d:\user profiles\rudy\cs maps\de_innvent.bsp
reading d:\user profiles\rudy\cs maps\de_innvent.prt
 107 portalclusters
 189 numportals
0...1...2...3...4...5...6...7...8...9...100...1...2...3...4...5...6...7...8...9...10Optimized: 33 visible clusters (0.00%)
Total clusters visible: 2892
Average clusters visible: 27
Building PAS...
Average clusters audible: 73
visdatasize:3588  compressed from 3424
writing d:\user profiles\rudy\cs maps\de_innvent.bsp
0 seconds elapsed



[Reading texlights from 'lights.rad']
[1 texlights parsed from 'lights.rad']

Loading d:\user profiles\rudy\cs maps\de_innvent.bsp
481 faces
51509 square feet [7417298.50 square inches]
0 Displacements
0 Square Feet [0.00 Square Inches]
481 patches before subdivision
11663 patches after subdivision
0 direct lights
0...1...2...3...4...5...6...7...8...9...100...1...2...3...4...5...6...7...8...9...10transfers 993357, max 324
transfer lists:   7.6 megs
0...1...2...3...4...5...6...7...8...9...10	Bounce #1 added RGB(0, 0, 0)
Build Patch/Sample Hash Table(s).....Done<0.0098 sec>
0...1...2...3...4...5...6...7...8...9...10FinalLightFace Done
0 of 0 (0% of) surface lights went in leaf ambient cubes.
0...1...2...3...4...5...6...7...8...9...10Writing leaf ambient...done
Ready to Finish

Object names       Objects/Maxobjs  Memory / Maxmem  Fullness 
------------       ---------------  ---------------  -------- 
models                   3/1024          144/49152    ( 0.3%) 
brushes                 67/8192          804/98304    ( 0.8%) 
brushsides             402/65536        3216/524288   ( 0.6%) 
planes                 402/65536        8040/1310720  ( 0.6%) 
vertexes               974/65536       11688/786432   ( 1.5%) 
nodes                  265/65536        8480/2097152  ( 0.4%) 
texinfos               109/12288        7848/884736   ( 0.9%) 
texdata                 14/2048          448/65536    ( 0.7%) 
dispinfos                0/0               0/0        ( 0.0%) 
disp_verts               0/0               0/0        ( 0.0%) 
disp_tris                0/0               0/0        ( 0.0%) 
disp_lmsamples           0/0               0/0        ( 0.0%) 
faces                  481/65536       26936/3670016  ( 0.7%) 
hdr faces                0/65536           0/3670016  ( 0.0%) 
origfaces              189/65536       10584/3670016  ( 0.3%) 
leaves                 269/65536        8608/2097152  ( 0.4%) 
leaffaces              544/65536        1088/131072   ( 0.8%) 
leafbrushes            188/65536         376/131072   ( 0.3%) 
areas                    2/256            16/2048     ( 0.8%) 
surfedges             3130/512000      12520/2048000  ( 0.6%) 
edges                 1807/256000       7228/1024000  ( 0.7%) 
LDR worldlights          0/8192            0/720896   ( 0.0%) 
HDR worldlights          0/8192            0/720896   ( 0.0%) 
leafwaterdata            0/32768           0/393216   ( 0.0%) 
waterstrips             70/32768         700/327680   ( 0.2%) 
waterverts               0/65536           0/786432   ( 0.0%) 
waterindices          1065/65536        2130/131072   ( 1.6%) 
cubemapsamples           0/1024            0/16384    ( 0.0%) 
overlays                 0/512             0/180224   ( 0.0%) 
LDR lightdata         [variable]      317316/0        ( 0.0%) 
HDR lightdata         [variable]           0/0        ( 0.0%) 
visdata               [variable]        3588/16777216 ( 0.0%) 
entdata               [variable]       44408/393216   (11.3%) 
LDR ambient table      269/65536        1076/262144   ( 0.4%) 
HDR ambient table      269/65536        1076/262144   ( 0.4%) 
LDR leaf ambient       120/65536        3360/1835008  ( 0.2%) 
HDR leaf ambient       269/65536        7532/1835008  ( 0.4%) 
occluders                0/0               0/0        ( 0.0%) 
occluder polygons        0/0               0/0        ( 0.0%) 
occluder vert ind        0/0               0/0        ( 0.0%) 
detail props          [variable]           1/12       ( 8.3%) 
static props          [variable]           1/12       ( 8.3%) 
pakfile               [variable]      105671/0        ( 0.0%) 
physics               [variable]       25348/4194304  ( 0.6%) 
physics terrain       [variable]           2/1048576  ( 0.0%) 

Level flags = 0

Total triangle count: 1412
Writing d:\user profiles\rudy\cs maps\de_innvent.bsp
4 seconds elapsed



materialPath: d:\mysteam\steamapps\rudywseidinger\counter-strike source\cstrike\materials
Loading D:\User Profiles\Rudy\CS Maps\de_innvent.vmf
Could not locate 'GameData' key in d:\mysteam\steamapps\rudywseidinger\counter-strike source\cstrike\gameinfo.txt
fixing up env_cubemap materials on brush sides...
0...1...2...3...4...5...6...7...8...9...100...1...2...3...4...5...6...7...8...9...10Processing areas...done (0)
Building Faces...done (0)
FixTjuncs...
PruneNodes...
WriteBSP...
done (0)
writing D:\User Profiles\Rudy\CS Maps\de_innvent.prt...Building visibility clusters...
done (0)
Creating default LDR cubemaps for env_cubemap using skybox materials:
   skybox/sky_day01_01*.vmt
 ! Run buildcubemaps in the engine to get the correct cube maps.
Creating default HDR cubemaps for env_cubemap using skybox materials:
   skybox/sky_day01_01*.vmt
 ! Run buildcubemaps in the engine to get the correct cube maps.
Finding displacement neighbors...
Finding lightmap sample positions...
Displacement Alpha : 0...1...2...3...4...5...6...7...8...9...10
Building Physics collision data...
done (0) (25898 bytes)
Placing detail props : 0...1...2...3...4...5...6...7...8...9...10
Compacting texture/material tables...
Reduced 165 texinfos to 110
Reduced 14 texdatas to 14 (303 bytes to 303)
Writing D:\User Profiles\Rudy\CS Maps\de_innvent.bsp
0 seconds elapsed



2 threads
reading d:\user profiles\rudy\cs maps\de_innvent.bsp
reading d:\user profiles\rudy\cs maps\de_innvent.prt
 107 portalclusters
 189 numportals
0...1...2...3...4...5...6...7...8...9...100...1...2...3...4...5...6...7...8...9...10Optimized: 33 visible clusters (0.00%)
Total clusters visible: 2892
Average clusters visible: 27
Building PAS...
Average clusters audible: 73
visdatasize:3588  compressed from 3424
writing d:\user profiles\rudy\cs maps\de_innvent.bsp
0 seconds elapsed



[Reading texlights from 'lights.rad']
[1 texlights parsed from 'lights.rad']

Loading d:\user profiles\rudy\cs maps\de_innvent.bsp
487 faces
51940 square feet [7479378.50 square inches]
0 Displacements
0 Square Feet [0.00 Square Inches]
487 patches before subdivision
11753 patches after subdivision
0 direct lights
0...1...2...3...4...5...6...7...8...9...100...1...2...3...4...5...6...7...8...9...10transfers 993653, max 324
transfer lists:   7.6 megs
0...1...2...3...4...5...6...7...8...9...10	Bounce #1 added RGB(0, 0, 0)
Build Patch/Sample Hash Table(s).....Done<0.0087 sec>
0...1...2...3...4...5...6...7...8...9...10FinalLightFace Done
0 of 0 (0% of) surface lights went in leaf ambient cubes.
0...1...2...3...4...5...6...7...8...9...10Writing leaf ambient...done
Ready to Finish

Object names       Objects/Maxobjs  Memory / Maxmem  Fullness 
------------       ---------------  ---------------  -------- 
models                   4/1024          192/49152    ( 0.4%) 
brushes                 68/8192          816/98304    ( 0.8%) 
brushsides             408/65536        3264/524288   ( 0.6%) 
planes                 404/65536        8080/1310720  ( 0.6%) 
vertexes               982/65536       11784/786432   ( 1.5%) 
nodes                  271/65536        8672/2097152  ( 0.4%) 
texinfos               110/12288        7920/884736   ( 0.9%) 
texdata                 14/2048          448/65536    ( 0.7%) 
dispinfos                0/0               0/0        ( 0.0%) 
disp_verts               0/0               0/0        ( 0.0%) 
disp_tris                0/0               0/0        ( 0.0%) 
disp_lmsamples           0/0               0/0        ( 0.0%) 
faces                  487/65536       27272/3670016  ( 0.7%) 
hdr faces                0/65536           0/3670016  ( 0.0%) 
origfaces              195/65536       10920/3670016  ( 0.3%) 
leaves                 276/65536        8832/2097152  ( 0.4%) 
leaffaces              550/65536        1100/131072   ( 0.8%) 
leafbrushes            189/65536         378/131072   ( 0.3%) 
areas                    2/256            16/2048     ( 0.8%) 
surfedges             3178/512000      12712/2048000  ( 0.6%) 
edges                 1831/256000       7324/1024000  ( 0.7%) 
LDR worldlights          0/8192            0/720896   ( 0.0%) 
HDR worldlights          0/8192            0/720896   ( 0.0%) 
leafwaterdata            0/32768           0/393216   ( 0.0%) 
waterstrips             70/32768         700/327680   ( 0.2%) 
waterverts               0/65536           0/786432   ( 0.0%) 
waterindices          1065/65536        2130/131072   ( 1.6%) 
cubemapsamples           0/1024            0/16384    ( 0.0%) 
overlays                 0/512             0/180224   ( 0.0%) 
LDR lightdata         [variable]      323356/0        ( 0.0%) 
HDR lightdata         [variable]           0/0        ( 0.0%) 
visdata               [variable]        3588/16777216 ( 0.0%) 
entdata               [variable]       44490/393216   (11.3%) 
LDR ambient table      276/65536        1104/262144   ( 0.4%) 
HDR ambient table      276/65536        1104/262144   ( 0.4%) 
LDR leaf ambient       126/65536        3528/1835008  ( 0.2%) 
HDR leaf ambient       276/65536        7728/1835008  ( 0.4%) 
occluders                0/0               0/0        ( 0.0%) 
occluder polygons        0/0               0/0        ( 0.0%) 
occluder vert ind        0/0               0/0        ( 0.0%) 
detail props          [variable]           1/12       ( 8.3%) 
static props          [variable]           1/12       ( 8.3%) 
pakfile               [variable]      105671/0        ( 0.0%) 
physics               [variable]       25898/4194304  ( 0.6%) 
physics terrain       [variable]           2/1048576  ( 0.0%) 

Level flags = 0

Total triangle count: 1424
Writing d:\user profiles\rudy\cs maps\de_innvent.bsp
4 seconds elapsed



materialPath: d:\mysteam\steamapps\rudywseidinger\counter-strike source\cstrike\materials
Loading D:\User Profiles\Rudy\CS Maps\de_innvent.vmf
Could not locate 'GameData' key in d:\mysteam\steamapps\rudywseidinger\counter-strike source\cstrike\gameinfo.txt
fixing up env_cubemap materials on brush sides...
0...1...2...3...4...5...6...7...8...9...100...1...2...3...4...5...6...7...8...9...10Processing areas...done (0)
Building Faces...done (0)
FixTjuncs...
PruneNodes...
WriteBSP...
done (0)
writing D:\User Profiles\Rudy\CS Maps\de_innvent.prt...Building visibility clusters...
done (0)
Creating default LDR cubemaps for env_cubemap using skybox materials:
   skybox/sky_day01_01*.vmt
 ! Run buildcubemaps in the engine to get the correct cube maps.
Creating default HDR cubemaps for env_cubemap using skybox materials:
   skybox/sky_day01_01*.vmt
 ! Run buildcubemaps in the engine to get the correct cube maps.
Finding displacement neighbors...
Finding lightmap sample positions...
Displacement Alpha : 0...1...2...3...4...5...6...7...8...9...10
Building Physics collision data...
done (0) (25902 bytes)
Placing detail props : 0...1...2...3...4...5...6...7...8...9...10
Compacting texture/material tables...
Reduced 168 texinfos to 112
Reduced 15 texdatas to 15 (322 bytes to 322)
Writing D:\User Profiles\Rudy\CS Maps\de_innvent.bsp
0 seconds elapsed



2 threads
reading d:\user profiles\rudy\cs maps\de_innvent.bsp
reading d:\user profiles\rudy\cs maps\de_innvent.prt
 107 portalclusters
 189 numportals
0...1...2...3...4...5...6...7...8...9...100...1...2...3...4...5...6...7...8...9...10Optimized: 33 visible clusters (0.00%)
Total clusters visible: 2892
Average clusters visible: 27
Building PAS...
Average clusters audible: 73
visdatasize:3588  compressed from 3424
writing d:\user profiles\rudy\cs maps\de_innvent.bsp
0 seconds elapsed



[Reading texlights from 'lights.rad']
[1 texlights parsed from 'lights.rad']

Loading d:\user profiles\rudy\cs maps\de_innvent.bsp
487 faces
51978 square feet [7484882.50 square inches]
0 Displacements
0 Square Feet [0.00 Square Inches]
487 patches before subdivision
11669 patches after subdivision
0 direct lights
0...1...2...3...4...5...6...7...8...9...100...1...2...3...4...5...6...7...8...9...10transfers 993526, max 324
transfer lists:   7.6 megs
0...1...2...3...4...5...6...7...8...9...10	Bounce #1 added RGB(0, 0, 0)
Build Patch/Sample Hash Table(s).....Done<0.0082 sec>
0...1...2...3...4...5...6...7...8...9...10FinalLightFace Done
0 of 0 (0% of) surface lights went in leaf ambient cubes.
0...1...2...3...4...5...6...7...8...9...10Writing leaf ambient...done
Ready to Finish

Object names       Objects/Maxobjs  Memory / Maxmem  Fullness 
------------       ---------------  ---------------  -------- 
models                   4/1024          192/49152    ( 0.4%) 
brushes                 68/8192          816/98304    ( 0.8%) 
brushsides             408/65536        3264/524288   ( 0.6%) 
planes                 406/65536        8120/1310720  ( 0.6%) 
vertexes               982/65536       11784/786432   ( 1.5%) 
nodes                  271/65536        8672/2097152  ( 0.4%) 
texinfos               112/12288        8064/884736   ( 0.9%) 
texdata                 15/2048          480/65536    ( 0.7%) 
dispinfos                0/0               0/0        ( 0.0%) 
disp_verts               0/0               0/0        ( 0.0%) 
disp_tris                0/0               0/0        ( 0.0%) 
disp_lmsamples           0/0               0/0        ( 0.0%) 
faces                  487/65536       27272/3670016  ( 0.7%) 
hdr faces                0/65536           0/3670016  ( 0.0%) 
origfaces              195/65536       10920/3670016  ( 0.3%) 
leaves                 276/65536        8832/2097152  ( 0.4%) 
leaffaces              550/65536        1100/131072   ( 0.8%) 
leafbrushes            189/65536         378/131072   ( 0.3%) 
areas                    2/256            16/2048     ( 0.8%) 
surfedges             3178/512000      12712/2048000  ( 0.6%) 
edges                 1831/256000       7324/1024000  ( 0.7%) 
LDR worldlights          0/8192            0/720896   ( 0.0%) 
HDR worldlights          0/8192            0/720896   ( 0.0%) 
leafwaterdata            0/32768           0/393216   ( 0.0%) 
waterstrips             70/32768         700/327680   ( 0.2%) 
waterverts               0/65536           0/786432   ( 0.0%) 
waterindices          1065/65536        2130/131072   ( 1.6%) 
cubemapsamples           0/1024            0/16384    ( 0.0%) 
overlays                 0/512             0/180224   ( 0.0%) 
LDR lightdata         [variable]      317316/0        ( 0.0%) 
HDR lightdata         [variable]           0/0        ( 0.0%) 
visdata               [variable]        3588/16777216 ( 0.0%) 
entdata               [variable]       44490/393216   (11.3%) 
LDR ambient table      276/65536        1104/262144   ( 0.4%) 
HDR ambient table      276/65536        1104/262144   ( 0.4%) 
LDR leaf ambient       126/65536        3528/1835008  ( 0.2%) 
HDR leaf ambient       276/65536        7728/1835008  ( 0.4%) 
occluders                0/0               0/0        ( 0.0%) 
occluder polygons        0/0               0/0        ( 0.0%) 
occluder vert ind        0/0               0/0        ( 0.0%) 
detail props          [variable]           1/12       ( 8.3%) 
static props          [variable]           1/12       ( 8.3%) 
pakfile               [variable]      105671/0        ( 0.0%) 
physics               [variable]       25902/4194304  ( 0.6%) 
physics terrain       [variable]           2/1048576  ( 0.0%) 

Level flags = 0

Total triangle count: 1424
Writing d:\user profiles\rudy\cs maps\de_innvent.bsp
4 seconds elapsed



materialPath: d:\mysteam\steamapps\rudywseidinger\counter-strike source\cstrike\materials
Loading D:\User Profiles\Rudy\CS Maps\de_innvent.vmf
Could not locate 'GameData' key in d:\mysteam\steamapps\rudywseidinger\counter-strike source\cstrike\gameinfo.txt
fixing up env_cubemap materials on brush sides...
0...1...2...3...4...5...6...7...8...9...100...1...2...3...4...5...6...7...8...9...10Processing areas...done (0)
Building Faces...done (0)
FixTjuncs...
PruneNodes...
WriteBSP...
done (0)
writing D:\User Profiles\Rudy\CS Maps\de_innvent.prt...Building visibility clusters...
done (0)
Creating default LDR cubemaps for env_cubemap using skybox materials:
   skybox/sky_day01_01*.vmt
 ! Run buildcubemaps in the engine to get the correct cube maps.
Creating default HDR cubemaps for env_cubemap using skybox materials:
   skybox/sky_day01_01*.vmt
 ! Run buildcubemaps in the engine to get the correct cube maps.
Finding displacement neighbors...
Finding lightmap sample positions...
Displacement Alpha : 0...1...2...3...4...5...6...7...8...9...10
Building Physics collision data...
done (0) (27008 bytes)
Placing detail props : 0...1...2...3...4...5...6...7...8...9...10
Compacting texture/material tables...
Reduced 168 texinfos to 111
Reduced 15 texdatas to 15 (322 bytes to 322)
Writing D:\User Profiles\Rudy\CS Maps\de_innvent.bsp
0 seconds elapsed



2 threads
reading d:\user profiles\rudy\cs maps\de_innvent.bsp
reading d:\user profiles\rudy\cs maps\de_innvent.prt
 108 portalclusters
 194 numportals
0...1...2...3...4...5...6...7...8...9...100...1...2...3...4...5...6...7...8...9...10Optimized: 38 visible clusters (0.00%)
Total clusters visible: 2952
Average clusters visible: 27
Building PAS...
Average clusters audible: 74
visdatasize:3617  compressed from 3456
writing d:\user profiles\rudy\cs maps\de_innvent.bsp
0 seconds elapsed



[Reading texlights from 'lights.rad']
[1 texlights parsed from 'lights.rad']

Loading d:\user profiles\rudy\cs maps\de_innvent.bsp
509 faces
53254 square feet [7668678.50 square inches]
0 Displacements
0 Square Feet [0.00 Square Inches]
509 patches before subdivision
11767 patches after subdivision
0 direct lights
0...1...2...3...4...5...6...7...8...9...100...1...2...3...4...5...6...7...8...9...10transfers 1006209, max 328
transfer lists:   7.7 megs
0...1...2...3...4...5...6...7...8...9...10	Bounce #1 added RGB(0, 0, 0)
Build Patch/Sample Hash Table(s).....Done<0.0082 sec>
0...1...2...3...4...5...6...7...8...9...10FinalLightFace Done
0 of 0 (0% of) surface lights went in leaf ambient cubes.
0...1...2...3...4...5...6...7...8...9...10Writing leaf ambient...done
Ready to Finish

Object names       Objects/Maxobjs  Memory / Maxmem  Fullness 
------------       ---------------  ---------------  -------- 
models                   6/1024          288/49152    ( 0.6%) 
brushes                 70/8192          840/98304    ( 0.9%) 
brushsides             420/65536        3360/524288   ( 0.6%) 
planes                 418/65536        8360/1310720  ( 0.6%) 
vertexes              1014/65536       12168/786432   ( 1.5%) 
nodes                  281/65536        8992/2097152  ( 0.4%) 
texinfos               111/12288        7992/884736   ( 0.9%) 
texdata                 15/2048          480/65536    ( 0.7%) 
dispinfos                0/0               0/0        ( 0.0%) 
disp_verts               0/0               0/0        ( 0.0%) 
disp_tris                0/0               0/0        ( 0.0%) 
disp_lmsamples           0/0               0/0        ( 0.0%) 
faces                  509/65536       28504/3670016  ( 0.8%) 
hdr faces                0/65536           0/3670016  ( 0.0%) 
origfaces              206/65536       11536/3670016  ( 0.3%) 
leaves                 288/65536        9216/2097152  ( 0.4%) 
leaffaces              568/65536        1136/131072   ( 0.9%) 
leafbrushes            182/65536         364/131072   ( 0.3%) 
areas                    2/256            16/2048     ( 0.8%) 
surfedges             3311/512000      13244/2048000  ( 0.6%) 
edges                 1900/256000       7600/1024000  ( 0.7%) 
LDR worldlights          0/8192            0/720896   ( 0.0%) 
HDR worldlights          0/8192            0/720896   ( 0.0%) 
leafwaterdata            0/32768           0/393216   ( 0.0%) 
waterstrips             73/32768         730/327680   ( 0.2%) 
waterverts               0/65536           0/786432   ( 0.0%) 
waterindices          1086/65536        2172/131072   ( 1.7%) 
cubemapsamples           0/1024            0/16384    ( 0.0%) 
overlays                 0/512             0/180224   ( 0.0%) 
LDR lightdata         [variable]      318696/0        ( 0.0%) 
HDR lightdata         [variable]           0/0        ( 0.0%) 
visdata               [variable]        3617/16777216 ( 0.0%) 
entdata               [variable]       45515/393216   (11.6%) 
LDR ambient table      288/65536        1152/262144   ( 0.4%) 
HDR ambient table      288/65536        1152/262144   ( 0.4%) 
LDR leaf ambient       139/65536        3892/1835008  ( 0.2%) 
HDR leaf ambient       288/65536        8064/1835008  ( 0.4%) 
occluders                0/0               0/0        ( 0.0%) 
occluder polygons        0/0               0/0        ( 0.0%) 
occluder vert ind        0/0               0/0        ( 0.0%) 
detail props          [variable]           1/12       ( 8.3%) 
static props          [variable]           1/12       ( 8.3%) 
pakfile               [variable]      105671/0        ( 0.0%) 
physics               [variable]       27008/4194304  ( 0.6%) 
physics terrain       [variable]           2/1048576  ( 0.0%) 

Level flags = 0

Total triangle count: 1469
Writing d:\user profiles\rudy\cs maps\de_innvent.bsp
4 seconds elapsed



materialPath: d:\mysteam\steamapps\rudywseidinger\counter-strike source\cstrike\materials
Loading D:\User Profiles\Rudy\CS Maps\de_innvent.vmf
Could not locate 'GameData' key in d:\mysteam\steamapps\rudywseidinger\counter-strike source\cstrike\gameinfo.txt
fixing up env_cubemap materials on brush sides...
0...1...2...3...4...5...6...7...8...9...100...1...2...3...4...5...6...7...8...9...10Processing areas...done (0)
Building Faces...done (0)
FixTjuncs...
PruneNodes...
WriteBSP...
done (0)
writing D:\User Profiles\Rudy\CS Maps\de_innvent.prt...Building visibility clusters...
done (0)
Creating default LDR cubemaps for env_cubemap using skybox materials:
   skybox/sky_day01_01*.vmt
 ! Run buildcubemaps in the engine to get the correct cube maps.
Creating default HDR cubemaps for env_cubemap using skybox materials:
   skybox/sky_day01_01*.vmt
 ! Run buildcubemaps in the engine to get the correct cube maps.
Finding displacement neighbors...
Finding lightmap sample positions...
Displacement Alpha : 0...1...2...3...4...5...6...7...8...9...10
Building Physics collision data...
done (0) (27008 bytes)
Placing detail props : 0...1...2...3...4...5...6...7...8...9...10
Compacting texture/material tables...
Reduced 168 texinfos to 111
Reduced 15 texdatas to 15 (322 bytes to 322)
Writing D:\User Profiles\Rudy\CS Maps\de_innvent.bsp
0 seconds elapsed



2 threads
reading d:\user profiles\rudy\cs maps\de_innvent.bsp
reading d:\user profiles\rudy\cs maps\de_innvent.prt
 108 portalclusters
 194 numportals
0...1...2...3...4...5...6...7...8...9...100...1...2...3...4...5...6...7...8...9...10Optimized: 38 visible clusters (0.00%)
Total clusters visible: 2952
Average clusters visible: 27
Building PAS...
Average clusters audible: 74
visdatasize:3617  compressed from 3456
writing d:\user profiles\rudy\cs maps\de_innvent.bsp
0 seconds elapsed



[Reading texlights from 'lights.rad']
[1 texlights parsed from 'lights.rad']

Loading d:\user profiles\rudy\cs maps\de_innvent.bsp
509 faces
53254 square feet [7668678.50 square inches]
0 Displacements
0 Square Feet [0.00 Square Inches]
509 patches before subdivision
11767 patches after subdivision
0 direct lights
0...1...2...3...4...5...6...7...8...9...100...1...2...3...4...5...6...7...8...9...10transfers 1006209, max 328
transfer lists:   7.7 megs
0...1...2...3...4...5...6...7...8...9...10	Bounce #1 added RGB(0, 0, 0)
Build Patch/Sample Hash Table(s).....Done<0.0093 sec>
0...1...2...3...4...5...6...7...8...9...10FinalLightFace Done
0 of 0 (0% of) surface lights went in leaf ambient cubes.
0...1...2...3...4...5...6...7...8...9...10Writing leaf ambient...done
Ready to Finish

Object names       Objects/Maxobjs  Memory / Maxmem  Fullness 
------------       ---------------  ---------------  -------- 
models                   6/1024          288/49152    ( 0.6%) 
brushes                 70/8192          840/98304    ( 0.9%) 
brushsides             420/65536        3360/524288   ( 0.6%) 
planes                 418/65536        8360/1310720  ( 0.6%) 
vertexes              1014/65536       12168/786432   ( 1.5%) 
nodes                  281/65536        8992/2097152  ( 0.4%) 
texinfos               111/12288        7992/884736   ( 0.9%) 
texdata                 15/2048          480/65536    ( 0.7%) 
dispinfos                0/0               0/0        ( 0.0%) 
disp_verts               0/0               0/0        ( 0.0%) 
disp_tris                0/0               0/0        ( 0.0%) 
disp_lmsamples           0/0               0/0        ( 0.0%) 
faces                  509/65536       28504/3670016  ( 0.8%) 
hdr faces                0/65536           0/3670016  ( 0.0%) 
origfaces              206/65536       11536/3670016  ( 0.3%) 
leaves                 288/65536        9216/2097152  ( 0.4%) 
leaffaces              568/65536        1136/131072   ( 0.9%) 
leafbrushes            182/65536         364/131072   ( 0.3%) 
areas                    2/256            16/2048     ( 0.8%) 
surfedges             3311/512000      13244/2048000  ( 0.6%) 
edges                 1900/256000       7600/1024000  ( 0.7%) 
LDR worldlights          0/8192            0/720896   ( 0.0%) 
HDR worldlights          0/8192            0/720896   ( 0.0%) 
leafwaterdata            0/32768           0/393216   ( 0.0%) 
waterstrips             73/32768         730/327680   ( 0.2%) 
waterverts               0/65536           0/786432   ( 0.0%) 
waterindices          1086/65536        2172/131072   ( 1.7%) 
cubemapsamples           0/1024            0/16384    ( 0.0%) 
overlays                 0/512             0/180224   ( 0.0%) 
LDR lightdata         [variable]      318696/0        ( 0.0%) 
HDR lightdata         [variable]           0/0        ( 0.0%) 
visdata               [variable]        3617/16777216 ( 0.0%) 
entdata               [variable]       45540/393216   (11.6%) 
LDR ambient table      288/65536        1152/262144   ( 0.4%) 
HDR ambient table      288/65536        1152/262144   ( 0.4%) 
LDR leaf ambient       139/65536        3892/1835008  ( 0.2%) 
HDR leaf ambient       288/65536        8064/1835008  ( 0.4%) 
occluders                0/0               0/0        ( 0.0%) 
occluder polygons        0/0               0/0        ( 0.0%) 
occluder vert ind        0/0               0/0        ( 0.0%) 
detail props          [variable]           1/12       ( 8.3%) 
static props          [variable]           1/12       ( 8.3%) 
pakfile               [variable]      105671/0        ( 0.0%) 
physics               [variable]       27008/4194304  ( 0.6%) 
physics terrain       [variable]           2/1048576  ( 0.0%) 

Level flags = 0

Total triangle count: 1469
Writing d:\user profiles\rudy\cs maps\de_innvent.bsp
4 seconds elapsed
